#
# There is insufficient memory for the Java Runtime Environment to continue.
# Native memory allocation (malloc) failed to allocate 1563536 bytes for Chunk::new
# Possible reasons:
#   The system is out of physical RAM or swap space
#   In 32 bit mode, the process size limit was hit
# Possible solutions:
#   Reduce memory load on the system
#   Increase physical memory or swap space
#   Check if swap backing store is full
#   Use 64 bit Java on a 64 bit OS
#   Decrease Java heap size (-Xmx/-Xms)
#   Decrease number of Java threads
#   Decrease Java thread stack sizes (-Xss)
#   Set larger code cache with -XX:ReservedCodeCacheSize=
# This output file may be truncated or incomplete.
#
#  Out of Memory Error (allocation.cpp:390), pid=15656, tid=0x0000000000002938
#
# JRE version: Java(TM) SE Runtime Environment (8.0_181-b13) (build 1.8.0_181-b13)
# Java VM: Java HotSpot(TM) 64-Bit Server VM (25.181-b13 mixed mode windows-amd64 compressed oops)
# Failed to write core dump. Minidumps are not enabled by default on client versions of Windows
#

---------------  T H R E A D  ---------------

Current thread (0x000000001c7f6800):  JavaThread "C2 CompilerThread0" daemon [_thread_in_native, id=10552, stack(0x000000001de30000,0x000000001df30000)]

Stack: [0x000000001de30000,0x000000001df30000]
[error occurred during error reporting (printing stack bounds), id 0xc0000005]

Native frames: (J=compiled Java code, j=interpreted, Vv=VM code, C=native code)


Current CompileTask:
C2:  28410 6459       4       org.springframework.core.annotation.TypeMappedAnnotations::get (52 bytes)


---------------  P R O C E S S  ---------------

Java Threads: ( => current thread )
  0x0000000026bbc000 JavaThread "ForkJoinPool.commonPool-worker-1" daemon [_thread_blocked, id=4816, stack(0x0000000034c70000,0x0000000034d70000)]
  0x0000000023b30000 JavaThread "kafka-coordinator-heartbeat-thread | group_json" daemon [_thread_blocked, id=11948, stack(0x0000000034970000,0x0000000034a70000)]
  0x0000000023b2d000 JavaThread "org.springframework.kafka.KafkaListenerEndpointContainer#1-0-C-1" [_thread_in_native, id=29356, stack(0x0000000034870000,0x0000000034970000)]
  0x0000000023b2f000 JavaThread "ThreadPoolTaskScheduler-1" [_thread_blocked, id=33408, stack(0x0000000034770000,0x0000000034870000)]
  0x0000000023b2e800 JavaThread "kafka-coordinator-heartbeat-thread | group_id" daemon [_thread_blocked, id=23060, stack(0x0000000034670000,0x0000000034770000)]
  0x0000000023b2d800 JavaThread "org.springframework.kafka.KafkaListenerEndpointContainer#0-0-C-1" [_thread_in_native, id=23600, stack(0x0000000034470000,0x0000000034570000)]
  0x0000000023b2c000 JavaThread "ThreadPoolTaskScheduler-1" [_thread_blocked, id=4116, stack(0x0000000034370000,0x0000000034470000)]
  0x0000000023b24800 JavaThread "elasticsearch[_client_][generic][T#4]" daemon [_thread_blocked, id=29716, stack(0x0000000032180000,0x0000000032280000)]
  0x0000000023b2b800 JavaThread "elasticsearch[_client_][generic][T#3]" daemon [_thread_blocked, id=31208, stack(0x0000000031c60000,0x0000000031d60000)]
  0x0000000023b2a800 JavaThread "elasticsearch[_client_][management][T#2]" daemon [_thread_blocked, id=22176, stack(0x0000000030b50000,0x0000000030c50000)]
  0x0000000023b23000 JavaThread "elasticsearch[_client_][generic][T#2]" daemon [_thread_blocked, id=12464, stack(0x0000000030a50000,0x0000000030b50000)]
  0x0000000023b2a000 JavaThread "I/O dispatcher 4" [_thread_in_native, id=13164, stack(0x0000000030750000,0x0000000030850000)]
  0x0000000023b22000 JavaThread "I/O dispatcher 3" [_thread_in_native, id=17888, stack(0x0000000030650000,0x0000000030750000)]
  0x0000000023b23800 JavaThread "I/O dispatcher 2" [_thread_in_native, id=28856, stack(0x0000000030550000,0x0000000030650000)]
  0x0000000023b29000 JavaThread "I/O dispatcher 1" [_thread_in_native, id=1556, stack(0x0000000030450000,0x0000000030550000)]
  0x0000000023b28800 JavaThread "pool-1-thread-1" [_thread_in_native, id=16256, stack(0x000000002d9d0000,0x000000002dad0000)]
  0x0000000023b27000 JavaThread "elasticsearch[_client_][transport_worker][T#8]" daemon [_thread_in_native, id=28352, stack(0x000000002a8a0000,0x000000002a9a0000)]
  0x0000000023b21800 JavaThread "elasticsearch[_client_][transport_worker][T#7]" daemon [_thread_in_native, id=1964, stack(0x000000002a7a0000,0x000000002a8a0000)]
  0x0000000023b25800 JavaThread "elasticsearch[_client_][transport_worker][T#6]" daemon [_thread_in_native, id=31824, stack(0x000000002a6a0000,0x000000002a7a0000)]
  0x0000000023b27800 JavaThread "elasticsearch[_client_][transport_worker][T#5]" daemon [_thread_in_native, id=27548, stack(0x000000002a5a0000,0x000000002a6a0000)]
  0x0000000020aeb000 JavaThread "elasticsearch[_client_][transport_worker][T#4]" daemon [_thread_in_native, id=14912, stack(0x000000002a4a0000,0x000000002a5a0000)]
  0x0000000020af1000 JavaThread "elasticsearch[_client_][transport_worker][T#3]" daemon [_thread_in_native, id=25224, stack(0x000000002a3a0000,0x000000002a4a0000)]
  0x0000000020aef800 JavaThread "elasticsearch[_client_][transport_worker][T#2]" daemon [_thread_in_native, id=14288, stack(0x000000002a2a0000,0x000000002a3a0000)]
  0x0000000020af0000 JavaThread "elasticsearch[_client_][generic][T#1]" daemon [_thread_blocked, id=7596, stack(0x000000002a1a0000,0x000000002a2a0000)]
  0x0000000020aee000 JavaThread "elasticsearch[_client_][transport_worker][T#1]" daemon [_thread_in_native, id=32524, stack(0x0000000028d80000,0x0000000028e80000)]
  0x0000000020aed000 JavaThread "elasticsearch[_client_][management][T#1]" daemon [_thread_blocked, id=12912, stack(0x0000000028c80000,0x0000000028d80000)]
  0x0000000020af1800 JavaThread "elasticsearch[_client_][scheduler][T#1]" daemon [_thread_blocked, id=29472, stack(0x0000000027f20000,0x0000000028020000)]
  0x0000000020aec800 JavaThread "elasticsearch[_client_][[timer]]" daemon [_thread_blocked, id=29536, stack(0x0000000025a20000,0x0000000025b20000)]
  0x00000000229b8000 JavaThread "container-0" [_thread_blocked, id=6088, stack(0x0000000025520000,0x0000000025620000)]
  0x00000000231b4000 JavaThread "Catalina-utility-2" [_thread_blocked, id=34212, stack(0x0000000025420000,0x0000000025520000)]
  0x000000002310a000 JavaThread "Catalina-utility-1" [_thread_blocked, id=27808, stack(0x0000000024a50000,0x0000000024b50000)]
  0x000000001ee74000 JavaThread "ReaderThread" [_thread_in_native, id=2344, stack(0x000000001ff00000,0x0000000020000000)]
  0x000000001c83e800 JavaThread "Service Thread" daemon [_thread_blocked, id=23400, stack(0x000000001e530000,0x000000001e630000)]
  0x000000001c807000 JavaThread "C1 CompilerThread2" daemon [_thread_blocked, id=2056, stack(0x000000001e030000,0x000000001e130000)]
  0x000000001c7fc800 JavaThread "C2 CompilerThread1" daemon [_thread_in_native, id=2776, stack(0x000000001df30000,0x000000001e030000)]
=>0x000000001c7f6800 JavaThread "C2 CompilerThread0" daemon [_thread_in_native, id=10552, stack(0x000000001de30000,0x000000001df30000)]
  0x000000001c7f3000 JavaThread "Attach Listener" daemon [_thread_blocked, id=19792, stack(0x000000001dd30000,0x000000001de30000)]
  0x000000001c7f1800 JavaThread "Signal Dispatcher" daemon [_thread_blocked, id=21896, stack(0x000000001dc30000,0x000000001dd30000)]
  0x000000001c7cf800 JavaThread "Finalizer" daemon [_thread_blocked, id=21524, stack(0x000000001da40000,0x000000001db40000)]
  0x000000001c7a8800 JavaThread "Reference Handler" daemon [_thread_blocked, id=25200, stack(0x000000001d940000,0x000000001da40000)]
  0x00000000030c9800 JavaThread "main" [_thread_in_vm, id=17236, stack(0x0000000002fc0000,0x00000000030c0000)]

Other Threads:
  0x000000001c7a7000 VMThread [stack: 0x000000001d840000,0x000000001d940000] [id=33856]
  0x000000001e1d4800 WatcherThread [stack: 0x000000001e630000,0x000000001e730000] [id=2024]

VM state:not at safepoint (normal execution)

VM Mutex/Monitor currently owned by a thread: None

Heap:
 PSYoungGen      total 312832K, used 267867K [0x000000076b400000, 0x000000077f900000, 0x00000007c0000000)
  eden space 292864K, 84% used [0x000000076b400000,0x000000077a618268,0x000000077d200000)
  from space 19968K, 99% used [0x000000077d200000,0x000000077e57ed68,0x000000077e580000)
  to   space 16896K, 0% used [0x000000077e800000,0x000000077e800000,0x000000077f880000)
 ParOldGen       total 229888K, used 38712K [0x00000006c1c00000, 0x00000006cfc80000, 0x000000076b400000)
  object space 229888K, 16% used [0x00000006c1c00000,0x00000006c41ce1f8,0x00000006cfc80000)
 Metaspace       used 82414K, capacity 87172K, committed 87320K, reserved 1124352K
  class space    used 11426K, capacity 12505K, committed 12584K, reserved 1048576K

Card table byte_map: [0x0000000012580000,0x0000000012d80000] byte_map_base: 0x000000000ef72000

Marking Bits: (ParMarkBitMap*) 0x00000000602a2d00
 Begin Bits: [0x00000000136d0000, 0x0000000017660000)
 End Bits:   [0x0000000017660000, 0x000000001b5f0000)

Polling page: 0x0000000001470000

CodeCache: size=245760Kb used=20403Kb max_used=20549Kb free=225356Kb
 bounds [0x00000000031c0000, 0x00000000045f0000, 0x00000000121c0000]
 total_blobs=6369 nmethods=5667 adapters=613
 compilation: enabled

Compilation events (10 events):
Event: 28.384 Thread 0x000000001c807000 6619  s    2       javax.management.modelmbean.DescriptorSupport::isValid (321 bytes)
Event: 28.386 Thread 0x000000001c807000 nmethod 6619 0x00000000040af990 code [0x00000000040afd20, 0x00000000040b0cf8]
Event: 28.386 Thread 0x000000001c807000 6620  s    2       javax.management.modelmbean.DescriptorSupport::clone (39 bytes)
Event: 28.387 Thread 0x000000001c807000 nmethod 6620 0x00000000040af190 code [0x00000000040af320, 0x00000000040af768]
Event: 28.387 Thread 0x000000001c807000 6621   !   2       com.sun.jmx.mbeanserver.Introspector::descriptorForAnnotations (271 bytes)
Event: 28.390 Thread 0x000000001c807000 nmethod 6621 0x00000000040ac9d0 code [0x00000000040acd20, 0x00000000040add08]
Event: 28.391 Thread 0x000000001c807000 6622       2       javax.management.modelmbean.ModelMBeanOperationInfo::validDescriptor (551 bytes)
Event: 28.395 Thread 0x000000001c807000 nmethod 6622 0x00000000040a7f90 code [0x00000000040a85e0, 0x00000000040aa9a8]
Event: 28.395 Thread 0x000000001c807000 6623   !   2       java.util.TreeMap::putAll (105 bytes)
Event: 28.397 Thread 0x000000001c807000 nmethod 6623 0x00000000040a7550 code [0x00000000040a7720, 0x00000000040a7c48]

GC Heap History (10 events):
Event: 9.737 GC heap before
{Heap before GC invocations=10 (full 2):
 PSYoungGen      total 167936K, used 157184K [0x000000076b400000, 0x000000077b580000, 0x00000007c0000000)
  eden space 157184K, 100% used [0x000000076b400000,0x0000000774d80000,0x0000000774d80000)
  from space 10752K, 0% used [0x0000000774d80000,0x0000000774d80000,0x0000000775800000)
  to   space 10240K, 0% used [0x000000077ab80000,0x000000077ab80000,0x000000077b580000)
 ParOldGen       total 152064K, used 13073K [0x00000006c1c00000, 0x00000006cb080000, 0x000000076b400000)
  object space 152064K, 8% used [0x00000006c1c00000,0x00000006c28c44d8,0x00000006cb080000)
 Metaspace       used 40197K, capacity 42040K, committed 42280K, reserved 1085440K
  class space    used 5281K, capacity 5609K, committed 5672K, reserved 1048576K
Event: 9.756 GC heap after
Heap after GC invocations=10 (full 2):
 PSYoungGen      total 243712K, used 8693K [0x000000076b400000, 0x000000077b400000, 0x00000007c0000000)
  eden space 235008K, 0% used [0x000000076b400000,0x000000076b400000,0x0000000779980000)
  from space 8704K, 99% used [0x000000077ab80000,0x000000077b3fd7d8,0x000000077b400000)
  to   space 10240K, 0% used [0x000000077a000000,0x000000077a000000,0x000000077aa00000)
 ParOldGen       total 152064K, used 13081K [0x00000006c1c00000, 0x00000006cb080000, 0x000000076b400000)
  object space 152064K, 8% used [0x00000006c1c00000,0x00000006c28c64d8,0x00000006cb080000)
 Metaspace       used 40197K, capacity 42040K, committed 42280K, reserved 1085440K
  class space    used 5281K, capacity 5609K, committed 5672K, reserved 1048576K
}
Event: 15.876 GC heap before
{Heap before GC invocations=11 (full 2):
 PSYoungGen      total 243712K, used 188724K [0x000000076b400000, 0x000000077b400000, 0x00000007c0000000)
  eden space 235008K, 76% used [0x000000076b400000,0x00000007763cf968,0x0000000779980000)
  from space 8704K, 99% used [0x000000077ab80000,0x000000077b3fd7d8,0x000000077b400000)
  to   space 10240K, 0% used [0x000000077a000000,0x000000077a000000,0x000000077aa00000)
 ParOldGen       total 152064K, used 13081K [0x00000006c1c00000, 0x00000006cb080000, 0x000000076b400000)
  object space 152064K, 8% used [0x00000006c1c00000,0x00000006c28c64d8,0x00000006cb080000)
 Metaspace       used 56323K, capacity 59064K, committed 59160K, reserved 1099776K
  class space    used 7508K, capacity 8171K, committed 8232K, reserved 1048576K
Event: 15.902 GC heap after
Heap after GC invocations=11 (full 2):
 PSYoungGen      total 251904K, used 10218K [0x000000076b400000, 0x000000077f880000, 0x00000007c0000000)
  eden space 241664K, 0% used [0x000000076b400000,0x000000076b400000,0x000000077a000000)
  from space 10240K, 99% used [0x000000077a000000,0x000000077a9fab30,0x000000077aa00000)
  to   space 16896K, 0% used [0x000000077e800000,0x000000077e800000,0x000000077f880000)
 ParOldGen       total 152064K, used 27288K [0x00000006c1c00000, 0x00000006cb080000, 0x000000076b400000)
  object space 152064K, 17% used [0x00000006c1c00000,0x00000006c36a6040,0x00000006cb080000)
 Metaspace       used 56323K, capacity 59064K, committed 59160K, reserved 1099776K
  class space    used 7508K, capacity 8171K, committed 8232K, reserved 1048576K
}
Event: 15.902 GC heap before
{Heap before GC invocations=12 (full 3):
 PSYoungGen      total 251904K, used 10218K [0x000000076b400000, 0x000000077f880000, 0x00000007c0000000)
  eden space 241664K, 0% used [0x000000076b400000,0x000000076b400000,0x000000077a000000)
  from space 10240K, 99% used [0x000000077a000000,0x000000077a9fab30,0x000000077aa00000)
  to   space 16896K, 0% used [0x000000077e800000,0x000000077e800000,0x000000077f880000)
 ParOldGen       total 152064K, used 27288K [0x00000006c1c00000, 0x00000006cb080000, 0x000000076b400000)
  object space 152064K, 17% used [0x00000006c1c00000,0x00000006c36a6040,0x00000006cb080000)
 Metaspace       used 56323K, capacity 59064K, committed 59160K, reserved 1099776K
  class space    used 7508K, capacity 8171K, committed 8232K, reserved 1048576K
Event: 16.146 GC heap after
Heap after GC invocations=12 (full 3):
 PSYoungGen      total 251904K, used 0K [0x000000076b400000, 0x000000077f880000, 0x00000007c0000000)
  eden space 241664K, 0% used [0x000000076b400000,0x000000076b400000,0x000000077a000000)
  from space 10240K, 0% used [0x000000077a000000,0x000000077a000000,0x000000077aa00000)
  to   space 16896K, 0% used [0x000000077e800000,0x000000077e800000,0x000000077f880000)
 ParOldGen       total 229888K, used 35102K [0x00000006c1c00000, 0x00000006cfc80000, 0x000000076b400000)
  object space 229888K, 15% used [0x00000006c1c00000,0x00000006c3e47be0,0x00000006cfc80000)
 Metaspace       used 56323K, capacity 59064K, committed 59160K, reserved 1099776K
  class space    used 7508K, capacity 8171K, committed 8232K, reserved 1048576K
}
Event: 20.897 GC heap before
{Heap before GC invocations=13 (full 3):
 PSYoungGen      total 251904K, used 241664K [0x000000076b400000, 0x000000077f880000, 0x00000007c0000000)
  eden space 241664K, 100% used [0x000000076b400000,0x000000077a000000,0x000000077a000000)
  from space 10240K, 0% used [0x000000077a000000,0x000000077a000000,0x000000077aa00000)
  to   space 16896K, 0% used [0x000000077e800000,0x000000077e800000,0x000000077f880000)
 ParOldGen       total 229888K, used 35102K [0x00000006c1c00000, 0x00000006cfc80000, 0x000000076b400000)
  object space 229888K, 15% used [0x00000006c1c00000,0x00000006c3e47be0,0x00000006cfc80000)
 Metaspace       used 68704K, capacity 72588K, committed 72856K, reserved 1112064K
  class space    used 9424K, capacity 10331K, committed 10408K, reserved 1048576K
Event: 20.923 GC heap after
Heap after GC invocations=13 (full 3):
 PSYoungGen      total 309760K, used 16894K [0x000000076b400000, 0x000000077f900000, 0x00000007c0000000)
  eden space 292864K, 0% used [0x000000076b400000,0x000000076b400000,0x000000077d200000)
  from space 16896K, 99% used [0x000000077e800000,0x000000077f87f860,0x000000077f880000)
  to   space 19968K, 0% used [0x000000077d200000,0x000000077d200000,0x000000077e580000)
 ParOldGen       total 229888K, used 38312K [0x00000006c1c00000, 0x00000006cfc80000, 0x000000076b400000)
  object space 229888K, 16% used [0x00000006c1c00000,0x00000006c416a278,0x00000006cfc80000)
 Metaspace       used 68704K, capacity 72588K, committed 72856K, reserved 1112064K
  class space    used 9424K, capacity 10331K, committed 10408K, reserved 1048576K
}
Event: 24.936 GC heap before
{Heap before GC invocations=14 (full 3):
 PSYoungGen      total 309760K, used 309758K [0x000000076b400000, 0x000000077f900000, 0x00000007c0000000)
  eden space 292864K, 100% used [0x000000076b400000,0x000000077d200000,0x000000077d200000)
  from space 16896K, 99% used [0x000000077e800000,0x000000077f87f860,0x000000077f880000)
  to   space 19968K, 0% used [0x000000077d200000,0x000000077d200000,0x000000077e580000)
 ParOldGen       total 229888K, used 38312K [0x00000006c1c00000, 0x00000006cfc80000, 0x000000076b400000)
  object space 229888K, 16% used [0x00000006c1c00000,0x00000006c416a278,0x00000006cfc80000)
 Metaspace       used 73979K, capacity 78244K, committed 78488K, reserved 1116160K
  class space    used 10173K, capacity 11161K, committed 11176K, reserved 1048576K
Event: 24.984 GC heap after
Heap after GC invocations=14 (full 3):
 PSYoungGen      total 312832K, used 19963K [0x000000076b400000, 0x000000077f900000, 0x00000007c0000000)
  eden space 292864K, 0% used [0x000000076b400000,0x000000076b400000,0x000000077d200000)
  from space 19968K, 99% used [0x000000077d200000,0x000000077e57ed68,0x000000077e580000)
  to   space 16896K, 0% used [0x000000077e800000,0x000000077e800000,0x000000077f880000)
 ParOldGen       total 229888K, used 38712K [0x00000006c1c00000, 0x00000006cfc80000, 0x000000076b400000)
  object space 229888K, 16% used [0x00000006c1c00000,0x00000006c41ce1f8,0x00000006cfc80000)
 Metaspace       used 73979K, capacity 78244K, committed 78488K, reserved 1116160K
  class space    used 10173K, capacity 11161K, committed 11176K, reserved 1048576K
}

Deoptimization events (10 events):
Event: 26.839 Thread 0x0000000023b2e800 Uncommon trap: reason=unstable_if action=reinterpret pc=0x00000000042b92cc method=java.util.HashMap$HashIterator.<init>(Ljava/util/HashMap;)V @ 45
Event: 26.863 Thread 0x0000000023b2e800 Uncommon trap: reason=unstable_if action=reinterpret pc=0x00000000038795dc method=java.lang.CharacterDataLatin1.digit(II)I @ 82
Event: 27.029 Thread 0x0000000023b2e800 Uncommon trap: reason=unstable_if action=reinterpret pc=0x0000000003879a94 method=java.lang.CharacterDataLatin1.digit(II)I @ 82
Event: 27.046 Thread 0x0000000023b2d800 Uncommon trap: reason=unstable_if action=reinterpret pc=0x000000000343cb98 method=java.lang.AbstractStringBuilder.append(Ljava/lang/String;)Ljava/lang/AbstractStringBuilder; @ 1
Event: 27.108 Thread 0x0000000023b2d000 Uncommon trap: reason=unstable_if action=reinterpret pc=0x00000000033eef90 method=java.lang.AbstractStringBuilder.append(Ljava/lang/String;)Ljava/lang/AbstractStringBuilder; @ 1
Event: 27.224 Thread 0x00000000030c9800 Uncommon trap: reason=unstable_if action=reinterpret pc=0x0000000003930bf0 method=java.util.HashMap.putVal(ILjava/lang/Object;Ljava/lang/Object;ZZ)Ljava/lang/Object; @ 162
Event: 27.227 Thread 0x00000000030c9800 Uncommon trap: reason=unstable_if action=reinterpret pc=0x00000000035295a0 method=java.util.HashMap.getNode(ILjava/lang/Object;)Ljava/util/HashMap$Node; @ 84
Event: 27.231 Thread 0x00000000030c9800 Uncommon trap: reason=unstable_if action=reinterpret pc=0x00000000036729d4 method=java.util.HashMap.resize()[Ljava/util/HashMap$Node; @ 206
Event: 27.232 Thread 0x00000000030c9800 Uncommon trap: reason=unstable_if action=reinterpret pc=0x0000000003417f64 method=java.util.HashMap.getNode(ILjava/lang/Object;)Ljava/util/HashMap$Node; @ 84
Event: 28.245 Thread 0x00000000030c9800 Uncommon trap: reason=unstable_if action=reinterpret pc=0x0000000003db0218 method=org.springframework.util.ConcurrentReferenceHashMap$Segment.clear()V @ 7

Classes redefined (0 events):
No events

Internal exceptions (10 events):
Event: 25.984 Thread 0x00000000030c9800 Exception <a 'java/lang/ClassNotFoundException': org/springframework/boot/test/web/client/TestRestTemplateContextCustomizer$TestRestTemplateFactoryCustomizer> (0x00000007718e3070) thrown at [C:\re\workspace\8-2-build-windows-amd64-cygwin\jdk8u181\11358\ho
Event: 25.987 Thread 0x00000000030c9800 Exception <a 'java/lang/ClassNotFoundException': org/springframework/beans/factory/FactoryBeanCustomizer> (0x0000000771920558) thrown at [C:\re\workspace\8-2-build-windows-amd64-cygwin\jdk8u181\11358\hotspot\src\share\vm\classfile\systemDictionary.cpp, li
Event: 25.988 Thread 0x00000000030c9800 Exception <a 'java/lang/ClassNotFoundException': org/springframework/context/ApplicationContextAwareCustomizer> (0x0000000771959790) thrown at [C:\re\workspace\8-2-build-windows-amd64-cygwin\jdk8u181\11358\hotspot\src\share\vm\classfile\systemDictionary.c
Event: 25.990 Thread 0x00000000030c9800 Exception <a 'java/lang/ClassNotFoundException': org/springframework/beans/factory/AwareCustomizer> (0x0000000771988440) thrown at [C:\re\workspace\8-2-build-windows-amd64-cygwin\jdk8u181\11358\hotspot\src\share\vm\classfile\systemDictionary.cpp, line 210
Event: 26.140 Thread 0x00000000030c9800 Exception <a 'java/lang/ClassNotFoundException': java/lang/ObjectCustomizer> (0x00000007723166b0) thrown at [C:\re\workspace\8-2-build-windows-amd64-cygwin\jdk8u181\11358\hotspot\src\share\vm\classfile\systemDictionary.cpp, line 210]
Event: 26.142 Thread 0x00000000030c9800 Exception <a 'java/lang/ClassNotFoundException': org/springframework/kafka/listener/ConsumerPropertiesCustomizer> (0x00000007723509a8) thrown at [C:\re\workspace\8-2-build-windows-amd64-cygwin\jdk8u181\11358\hotspot\src\share\vm\classfile\systemDictionary
Event: 26.145 Thread 0x00000000030c9800 Exception <a 'java/lang/ClassNotFoundException': org/springframework/kafka/listener/ContainerPropertiesCustomizer> (0x00000007723a71c8) thrown at [C:\re\workspace\8-2-build-windows-amd64-cygwin\jdk8u181\11358\hotspot\src\share\vm\classfile\systemDictionar
Event: 26.391 Thread 0x00000000030c9800 Implicit null exception at 0x000000000412865d to 0x0000000004128789
Event: 27.046 Thread 0x0000000023b2d800 Implicit null exception at 0x000000000343c7d6 to 0x000000000343cb81
Event: 27.108 Thread 0x0000000023b2d000 Implicit null exception at 0x00000000033eebd6 to 0x00000000033eef79

Events (10 events):
Event: 28.401 loading class org/apache/camel/api/management/mbean/ManagedComponentMBean
Event: 28.401 loading class org/apache/camel/api/management/mbean/ManagedComponentMBean done
Event: 28.402 loading class org/apache/camel/management/mbean/ManagedCamelHealth
Event: 28.402 loading class org/apache/camel/management/mbean/ManagedCamelHealth done
Event: 28.403 loading class org/apache/camel/api/management/mbean/ManagedCamelHealthMBean
Event: 28.403 loading class org/apache/camel/api/management/mbean/ManagedCamelHealthMBean done
Event: 28.405 loading class org/apache/camel/management/mbean/ManagedRouteController
Event: 28.405 loading class org/apache/camel/management/mbean/ManagedRouteController done
Event: 28.405 loading class org/apache/camel/api/management/mbean/ManagedRouteControllerMBean
Event: 28.405 loading class org/apache/camel/api/management/mbean/ManagedRouteControllerMBean done


Dynamic libraries:
0x00007ff702840000 - 0x00007ff702877000 	C:\jdk1.8.0_181\bin\javaw.exe
0x00007ff8ff9f0000 - 0x00007ff8ffbd1000 	C:\Windows\SYSTEM32\ntdll.dll
0x00007ff8fd900000 - 0x00007ff8fd9b1000 	C:\Windows\System32\KERNEL32.DLL
0x00007ff8fc190000 - 0x00007ff8fc403000 	C:\Windows\System32\KERNELBASE.dll
0x00007ff8fd1e0000 - 0x00007ff8fd281000 	C:\Windows\System32\ADVAPI32.dll
0x00007ff8ff820000 - 0x00007ff8ff8be000 	C:\Windows\System32\msvcrt.dll
0x00007ff8ff7c0000 - 0x00007ff8ff81b000 	C:\Windows\System32\sechost.dll
0x00007ff8ff690000 - 0x00007ff8ff7b4000 	C:\Windows\System32\RPCRT4.dll
0x00007ff8fcfc0000 - 0x00007ff8fd150000 	C:\Windows\System32\USER32.dll
0x00007ff8fbf20000 - 0x00007ff8fbf40000 	C:\Windows\System32\win32u.dll
0x00007ff8fd150000 - 0x00007ff8fd178000 	C:\Windows\System32\GDI32.dll
0x00007ff8fbf40000 - 0x00007ff8fc0d1000 	C:\Windows\System32\gdi32full.dll
0x00007ff8fbdb0000 - 0x00007ff8fbe4f000 	C:\Windows\System32\msvcp_win.dll
0x00007ff8fc600000 - 0x00007ff8fc6f8000 	C:\Windows\System32\ucrtbase.dll
0x00007ff8e1450000 - 0x00007ff8e16b9000 	C:\Windows\WinSxS\amd64_microsoft.windows.common-controls_6595b64144ccf1df_6.0.17134.1067_none_d401a3eb7c8ebdea\COMCTL32.dll
0x00007ff8fd290000 - 0x00007ff8fd5b1000 	C:\Windows\System32\combase.dll
0x00007ff8fbe50000 - 0x00007ff8fbec9000 	C:\Windows\System32\bcryptPrimitives.dll
0x00007ff8fd9c0000 - 0x00007ff8fd9ed000 	C:\Windows\System32\IMM32.DLL
0x0000000060560000 - 0x0000000060632000 	C:\jdk1.8.0_181\jre\bin\msvcr100.dll
0x000000005fa80000 - 0x0000000060322000 	C:\jdk1.8.0_181\jre\bin\server\jvm.dll
0x00007ff8ff150000 - 0x00007ff8ff158000 	C:\Windows\System32\PSAPI.DLL
0x00007ff8d8230000 - 0x00007ff8d8239000 	C:\Windows\SYSTEM32\WSOCK32.dll
0x00007ff8fef40000 - 0x00007ff8fefac000 	C:\Windows\System32\WS2_32.dll
0x00007ff8ee0e0000 - 0x00007ff8ee103000 	C:\Windows\SYSTEM32\WINMM.dll
0x00007ff8f4b60000 - 0x00007ff8f4b6a000 	C:\Windows\SYSTEM32\VERSION.dll
0x00007ff8ee170000 - 0x00007ff8ee19a000 	C:\Windows\SYSTEM32\WINMMBASE.dll
0x00007ff8fbed0000 - 0x00007ff8fbf19000 	C:\Windows\System32\cfgmgr32.dll
0x00000000609a0000 - 0x00000000609af000 	C:\jdk1.8.0_181\jre\bin\verify.dll
0x0000000060800000 - 0x0000000060829000 	C:\jdk1.8.0_181\jre\bin\java.dll
0x00000000607e0000 - 0x00000000607f6000 	C:\jdk1.8.0_181\jre\bin\zip.dll
0x00007ff8fdaf0000 - 0x00007ff8fef34000 	C:\Windows\System32\SHELL32.dll
0x00007ff8fce70000 - 0x00007ff8fcf19000 	C:\Windows\System32\shcore.dll
0x00007ff8fc700000 - 0x00007ff8fce10000 	C:\Windows\System32\windows.storage.dll
0x00007ff8ff8c0000 - 0x00007ff8ff911000 	C:\Windows\System32\shlwapi.dll
0x00007ff8fbd90000 - 0x00007ff8fbda1000 	C:\Windows\System32\kernel.appcore.dll
0x00007ff8fbd50000 - 0x00007ff8fbd6f000 	C:\Windows\System32\profapi.dll
0x00007ff8fbcf0000 - 0x00007ff8fbd3c000 	C:\Windows\System32\powrprof.dll
0x00007ff8fbd40000 - 0x00007ff8fbd4a000 	C:\Windows\System32\FLTLIB.DLL
0x00000000607c0000 - 0x00000000607da000 	C:\jdk1.8.0_181\jre\bin\net.dll
0x00007ff8fb4c0000 - 0x00007ff8fb526000 	C:\Windows\system32\mswsock.dll
0x00000000607a0000 - 0x00000000607b1000 	C:\jdk1.8.0_181\jre\bin\nio.dll
0x0000000060990000 - 0x000000006099d000 	C:\jdk1.8.0_181\jre\bin\management.dll
0x00007ff8eb1f0000 - 0x00007ff8eb206000 	C:\Windows\system32\napinsp.dll
0x00007ff8eb210000 - 0x00007ff8eb22a000 	C:\Windows\system32\pnrpnsp.dll
0x00007ff8f3780000 - 0x00007ff8f3799000 	C:\Windows\system32\NLAapi.dll
0x00007ff8fb260000 - 0x00007ff8fb31e000 	C:\Windows\SYSTEM32\DNSAPI.dll
0x00007ff8ff680000 - 0x00007ff8ff688000 	C:\Windows\System32\NSI.dll
0x00007ff8fb220000 - 0x00007ff8fb258000 	C:\Windows\SYSTEM32\IPHLPAPI.DLL
0x00007ff8eb230000 - 0x00007ff8eb23e000 	C:\Windows\System32\winrnr.dll
0x00007ff8f4aa0000 - 0x00007ff8f4ab5000 	C:\Windows\System32\wshbth.dll
0x00007ff8f2010000 - 0x00007ff8f201a000 	C:\Windows\System32\rasadhlp.dll
0x00007ff8f9000000 - 0x00007ff8f9072000 	C:\Windows\System32\fwpuclnt.dll
0x00007ff8fb790000 - 0x00007ff8fb7b5000 	C:\Windows\SYSTEM32\bcrypt.dll
0x00007ff8fb6d0000 - 0x00007ff8fb6e7000 	C:\Windows\SYSTEM32\CRYPTSP.dll
0x00007ff8fb080000 - 0x00007ff8fb0b3000 	C:\Windows\system32\rsaenh.dll
0x00007ff8fbbf0000 - 0x00007ff8fbc18000 	C:\Windows\SYSTEM32\USERENV.dll
0x00007ff8fb620000 - 0x00007ff8fb62b000 	C:\Windows\SYSTEM32\CRYPTBASE.dll
0x00007ff8f8d80000 - 0x00007ff8f8d96000 	C:\Windows\SYSTEM32\dhcpcsvc6.DLL
0x00007ff8f8d60000 - 0x00007ff8f8d7a000 	C:\Windows\SYSTEM32\dhcpcsvc.DLL
0x0000000060cb0000 - 0x0000000060cd4000 	C:\jdk1.8.0_181\jre\bin\sunec.dll

VM Arguments:
jvm_args: -Dfile.encoding=UTF-8 
java_command: org.eclipse.jdt.internal.junit.runner.RemoteTestRunner -version 3 -port 65134 -testLoaderClass org.eclipse.jdt.internal.junit4.runner.JUnit4TestLoader -loaderpluginname org.eclipse.jdt.junit4.runtime -classNames com.example.demo.RestClientControllerTest
java_class_path (initial): D:\pfernandez\workspace\git\rnd\demo\target\test-classes;D:\pfernandez\workspace\git\rnd\demo\target\classes;C:\sts-bundle\sts-3.7.2.RELEASE\plugins\org.junit_4.12.0.v201504281640\junit.jar;C:\sts-bundle\sts-3.7.2.RELEASE\plugins\org.hamcrest.core_1.3.0.v201303031735.jar;D:\repository\org\springframework\boot\spring-boot-starter-data-elasticsearch\2.2.0.RELEASE\spring-boot-starter-data-elasticsearch-2.2.0.RELEASE.jar;D:\repository\org\springframework\boot\spring-boot-starter\2.2.0.RELEASE\spring-boot-starter-2.2.0.RELEASE.jar;D:\repository\org\springframework\boot\spring-boot-starter-logging\2.2.0.RELEASE\spring-boot-starter-logging-2.2.0.RELEASE.jar;D:\repository\ch\qos\logback\logback-classic\1.2.3\logback-classic-1.2.3.jar;D:\repository\ch\qos\logback\logback-core\1.2.3\logback-core-1.2.3.jar;D:\repository\org\apache\logging\log4j\log4j-to-slf4j\2.12.1\log4j-to-slf4j-2.12.1.jar;D:\repository\org\apache\logging\log4j\log4j-api\2.12.1\log4j-api-2.12.1.jar;D:\repository\org\slf4j\jul-to-slf4j\1.7.28\jul-to-slf4j-1.7.28.jar;D:\repository\jakarta\annotation\jakarta.annotation-api\1.3.5\jakarta.annotation-api-1.3.5.jar;D:\repository\org\yaml\snakeyaml\1.25\snakeyaml-1.25.jar;D:\repository\org\springframework\data\spring-data-elasticsearch\3.2.0.RELEASE\spring-data-elasticsearch-3.2.0.RELEASE.jar;D:\repository\org\springframework\data\spring-data-commons\2.2.0.RELEASE\spring-data-commons-2.2.0.RELEASE.jar;D:\repository\joda-time\joda-time\2.10.4\joda-time-2.10.4.jar;D:\repository\org\elasticsearch\client\transport\6.8.3\transport-6.8.3.jar;D:\repository\org\elasticsearch\elasticsearch\6.8.3\elasticsearch-6.8.3.jar;D:\repository\org\elasticsearch\elasticsearch-core\6.8.3\elasticsearch-core-6.8.3.jar;D:\repository\org\elasticsearch\elasticsearch-secure-sm\6.8.3\elasticsearch-secure-sm-6.8.3.jar;D:\repository\org\elasticsearch\elasticsearch-x-content\6.8.3\elasticsearch-x-content-6.8.3.jar;D:\repository\com\fasterxml\jackson\dataformat\jackson-
Launcher Type: SUN_STANDARD

Environment Variables:
JAVA_HOME=C:\jdk1.8.0_181
CLASSPATH=.;C:\PROGRA~1\IBM\SQLLIB\java\db2java.zip;C:\PROGRA~1\IBM\SQLLIB\java\db2jcc.jar;C:\PROGRA~1\IBM\SQLLIB\java\sqlj.zip;C:\PROGRA~1\IBM\SQLLIB\java\db2jcc_license_cu.jar;C:\PROGRA~1\IBM\SQLLIB\bin;C:\PROGRA~1\IBM\SQLLIB\java\common.jar
PATH=C:\ProgramData\DockerDesktop\version-bin;C:\Program Files\Docker\Docker\Resources\bin;C:\Program Files (x86)\Common Files\Oracle\Java\javapath;C:\Program Files (x86)\RSA SecurID Token Common;C:\Program Files\RSA SecurID Token Common;C:\Windows\system32;C:\Windows;C:\Windows\System32\Wbem;C:\Windows\System32\WindowsPowerShell\v1.0\;C:\Windows\System32\OpenSSH\;C:\Windows\CCM;C:\Program Files (x86)\Common Files\EMC\;C:\PROGRA~1\IBM\SQLLIB\BIN;C:\PROGRA~1\IBM\SQLLIB\FUNCTION;C:\PROGRA~1\IBM\SQLLIB\SAMPLES\REPL;C:\Program Files (x86)\Microsoft SQL Server\Client SDK\ODBC\110\Tools\Binn\;C:\Program Files (x86)\Microsoft SQL Server\120\Tools\Binn\ManagementStudio\;C:\Program Files (x86)\Microsoft SQL Server\120\Tools\Binn\;C:\Program Files (x86)\Microsoft SQL Server\120\DTS\Binn\;C:\PostgreSQL\pg10\bin;C:\spark-2.4.0-bin-hadoop2.7\bin;C:\git\cmd;C:\maven-3.3.9\bin;C:\Gpg4win\..\GnuPG\bin;C:\Users\pfernandez\Downloads;C:\TortoiseSVN\bin;C:\nodejs;C:\jdk1.8.0_181\bin;C:\redis;C:\Users\pfernandez\AppData\Local\Microsof;C:\ProgramData\chocolatey\bin;C:\Amazon\AWSCLI\bin\;C:\Program Files\Intel\WiFi\bin\;C:\Program Files\Common Files\Intel\WirelessCommon\;"C:\Users\pfernandez\AppData\Local\Microsoft\WindowsApps;";;C:\Users\pfernandez\AppData\Local\Programs\Microsoft VS Code\bin
USERNAME=pfernandez
OS=Windows_NT
PROCESSOR_IDENTIFIER=Intel64 Family 6 Model 78 Stepping 3, GenuineIntel



---------------  S Y S T E M  ---------------

OS: Windows 10.0 , 64 bit Build 17134 (10.0.17134.753)

CPU:total 4 (initial active 4) (2 cores per cpu, 2 threads per core) family 6 model 78 stepping 3, cmov, cx8, fxsr, mmx, sse, sse2, sse3, ssse3, sse4.1, sse4.2, popcnt, avx, avx2, aes, clmul, erms, 3dnowpref, lzcnt, ht, tsc, tscinvbit, bmi1, bmi2, adx

Memory: 4k page, physical 16654928k(1200788k free), swap 47831756k(6396k free)

vm_info: Java HotSpot(TM) 64-Bit Server VM (25.181-b13) for windows-amd64 JRE (1.8.0_181-b13), built on Jul  7 2018 04:01:33 by "java_re" with MS VC++ 10.0 (VS2010)

time: Sun Nov 17 18:46:03 2019
elapsed time: 28 seconds (0d 0h 0m 28s)

