#
# There is insufficient memory for the Java Runtime Environment to continue.
# Native memory allocation (malloc) failed to allocate 1076784 bytes for Chunk::new
# Possible reasons:
#   The system is out of physical RAM or swap space
#   In 32 bit mode, the process size limit was hit
# Possible solutions:
#   Reduce memory load on the system
#   Increase physical memory or swap space
#   Check if swap backing store is full
#   Use 64 bit Java on a 64 bit OS
#   Decrease Java heap size (-Xmx/-Xms)
#   Decrease number of Java threads
#   Decrease Java thread stack sizes (-Xss)
#   Set larger code cache with -XX:ReservedCodeCacheSize=
# This output file may be truncated or incomplete.
#
#  Out of Memory Error (allocation.cpp:390), pid=21700, tid=0x0000000000007ae4
#
# JRE version: Java(TM) SE Runtime Environment (8.0_181-b13) (build 1.8.0_181-b13)
# Java VM: Java HotSpot(TM) 64-Bit Server VM (25.181-b13 mixed mode windows-amd64 compressed oops)
# Failed to write core dump. Minidumps are not enabled by default on client versions of Windows
#

---------------  T H R E A D  ---------------

Current thread (0x000000001c31a800):  JavaThread "C2 CompilerThread1" daemon [_thread_in_native, id=31460, stack(0x000000001de00000,0x000000001df00000)]

Stack: [0x000000001de00000,0x000000001df00000]
[error occurred during error reporting (printing stack bounds), id 0xc0000005]

Native frames: (J=compiled Java code, j=interpreted, Vv=VM code, C=native code)


Current CompileTask:
C2:  30867 6949       4       java.lang.Class::privateGetPublicMethods (267 bytes)


---------------  P R O C E S S  ---------------

Java Threads: ( => current thread )
  0x0000000027134800 JavaThread "http-nio-auto-1-Acceptor" daemon [_thread_in_native, id=18600, stack(0x0000000035cc0000,0x0000000035dc0000)]
  0x0000000024a3f800 JavaThread "http-nio-auto-1-ClientPoller" daemon [_thread_in_native, id=12320, stack(0x0000000035bc0000,0x0000000035cc0000)]
  0x0000000024a3f000 JavaThread "http-nio-auto-1-exec-10" daemon [_thread_blocked, id=31284, stack(0x0000000035ac0000,0x0000000035bc0000)]
  0x0000000024a40800 JavaThread "http-nio-auto-1-exec-9" daemon [_thread_blocked, id=10536, stack(0x00000000359c0000,0x0000000035ac0000)]
  0x0000000024a3e000 JavaThread "http-nio-auto-1-exec-8" daemon [_thread_blocked, id=24380, stack(0x00000000358c0000,0x00000000359c0000)]
  0x0000000024a3d800 JavaThread "http-nio-auto-1-exec-7" daemon [_thread_blocked, id=30612, stack(0x00000000357c0000,0x00000000358c0000)]
  0x0000000024a3c000 JavaThread "http-nio-auto-1-exec-6" daemon [_thread_blocked, id=20024, stack(0x00000000356c0000,0x00000000357c0000)]
  0x0000000024a3c800 JavaThread "http-nio-auto-1-exec-5" daemon [_thread_blocked, id=11752, stack(0x00000000355c0000,0x00000000356c0000)]
  0x0000000024a34000 JavaThread "http-nio-auto-1-exec-4" daemon [_thread_blocked, id=13796, stack(0x00000000354c0000,0x00000000355c0000)]
  0x0000000024a3b000 JavaThread "http-nio-auto-1-exec-3" daemon [_thread_blocked, id=10628, stack(0x00000000353c0000,0x00000000354c0000)]
  0x0000000024a36800 JavaThread "http-nio-auto-1-exec-2" daemon [_thread_blocked, id=1904, stack(0x00000000352c0000,0x00000000353c0000)]
  0x0000000024a3a800 JavaThread "http-nio-auto-1-exec-1" daemon [_thread_blocked, id=19960, stack(0x00000000351c0000,0x00000000352c0000)]
  0x0000000024a35800 JavaThread "http-nio-auto-1-BlockPoller" daemon [_thread_in_native, id=17392, stack(0x00000000350c0000,0x00000000351c0000)]
  0x0000000024a35000 JavaThread "Camel (camel-1) thread #2 - file:///opt/shared/jboss/services/rider/data/year/input" daemon [_thread_blocked, id=30876, stack(0x0000000034fc0000,0x00000000350c0000)]
  0x0000000024a39000 JavaThread "Camel (camel-1) thread #1 - file:///opt/shared/jboss/services/rider/data/vehicle/input" daemon [_thread_blocked, id=19244, stack(0x0000000034ec0000,0x0000000034fc0000)]
  0x0000000024a32800 JavaThread "ForkJoinPool.commonPool-worker-3" daemon [_thread_blocked, id=25828, stack(0x0000000034dc0000,0x0000000034ec0000)]
  0x0000000024a39800 JavaThread "ForkJoinPool.commonPool-worker-2" daemon [_thread_blocked, id=23804, stack(0x0000000034cc0000,0x0000000034dc0000)]
  0x0000000024a32000 JavaThread "ForkJoinPool.commonPool-worker-1" daemon [_thread_blocked, id=25640, stack(0x0000000034bc0000,0x0000000034cc0000)]
  0x0000000024a31000 JavaThread "kafka-coordinator-heartbeat-thread | group_json" daemon [_thread_blocked, id=26452, stack(0x00000000334e0000,0x00000000335e0000)]
  0x0000000024a37000 JavaThread "org.springframework.kafka.KafkaListenerEndpointContainer#1-0-C-1" [_thread_in_native, id=2908, stack(0x00000000333e0000,0x00000000334e0000)]
  0x0000000024a33800 JavaThread "ThreadPoolTaskScheduler-1" [_thread_blocked, id=31676, stack(0x00000000332e0000,0x00000000333e0000)]
  0x0000000021ff0800 JavaThread "kafka-coordinator-heartbeat-thread | group_id" daemon [_thread_blocked, id=33692, stack(0x00000000331e0000,0x00000000332e0000)]
  0x0000000021ff6800 JavaThread "org.springframework.kafka.KafkaListenerEndpointContainer#0-0-C-1" [_thread_in_native, id=29628, stack(0x0000000032fe0000,0x00000000330e0000)]
  0x0000000021ff6000 JavaThread "ThreadPoolTaskScheduler-1" [_thread_blocked, id=19276, stack(0x0000000032ee0000,0x0000000032fe0000)]
  0x0000000021ff3000 JavaThread "elasticsearch[_client_][generic][T#4]" daemon [_thread_blocked, id=9148, stack(0x00000000326e0000,0x00000000327e0000)]
  0x0000000021ff5000 JavaThread "elasticsearch[_client_][generic][T#3]" daemon [_thread_blocked, id=34444, stack(0x0000000030f60000,0x0000000031060000)]
  0x0000000021fef000 JavaThread "elasticsearch[_client_][management][T#2]" daemon [_thread_blocked, id=27472, stack(0x0000000030e60000,0x0000000030f60000)]
  0x0000000021ff1800 JavaThread "elasticsearch[_client_][generic][T#2]" daemon [_thread_blocked, id=12076, stack(0x0000000030b60000,0x0000000030c60000)]
  0x0000000021ff2000 JavaThread "I/O dispatcher 4" [_thread_in_native, id=24800, stack(0x0000000030a60000,0x0000000030b60000)]
  0x0000000021ff0000 JavaThread "I/O dispatcher 3" [_thread_in_native, id=23580, stack(0x0000000030960000,0x0000000030a60000)]
  0x0000000021ff3800 JavaThread "I/O dispatcher 2" [_thread_in_native, id=1208, stack(0x0000000030860000,0x0000000030960000)]
  0x0000000021fe7800 JavaThread "I/O dispatcher 1" [_thread_in_native, id=8176, stack(0x0000000030760000,0x0000000030860000)]
  0x0000000021fee800 JavaThread "pool-1-thread-1" [_thread_in_native, id=20752, stack(0x0000000030660000,0x0000000030760000)]
  0x0000000021fec000 JavaThread "elasticsearch[_client_][transport_worker][T#8]" daemon [_thread_in_native, id=33312, stack(0x000000002b300000,0x000000002b400000)]
  0x0000000021feb800 JavaThread "elasticsearch[_client_][transport_worker][T#7]" daemon [_thread_in_native, id=19372, stack(0x000000002b200000,0x000000002b300000)]
  0x0000000021fea800 JavaThread "elasticsearch[_client_][transport_worker][T#6]" daemon [_thread_in_native, id=26132, stack(0x000000002b100000,0x000000002b200000)]
  0x0000000021fed000 JavaThread "elasticsearch[_client_][transport_worker][T#5]" daemon [_thread_in_native, id=6220, stack(0x000000002b000000,0x000000002b100000)]
  0x0000000021fe8800 JavaThread "elasticsearch[_client_][transport_worker][T#4]" daemon [_thread_in_native, id=30540, stack(0x000000002af00000,0x000000002b000000)]
  0x0000000021fea000 JavaThread "elasticsearch[_client_][transport_worker][T#3]" daemon [_thread_in_native, id=14940, stack(0x000000002ad00000,0x000000002ae00000)]
  0x0000000021fe9000 JavaThread "elasticsearch[_client_][transport_worker][T#2]" daemon [_thread_in_native, id=8296, stack(0x000000002ac00000,0x000000002ad00000)]
  0x000000001f342000 JavaThread "elasticsearch[_client_][generic][T#1]" daemon [_thread_blocked, id=7316, stack(0x000000002ab00000,0x000000002ac00000)]
  0x000000001f347800 JavaThread "elasticsearch[_client_][transport_worker][T#1]" daemon [_thread_in_native, id=21036, stack(0x00000000296f0000,0x00000000297f0000)]
  0x000000001f346000 JavaThread "elasticsearch[_client_][management][T#1]" daemon [_thread_blocked, id=28236, stack(0x00000000295f0000,0x00000000296f0000)]
  0x000000001f341800 JavaThread "elasticsearch[_client_][scheduler][T#1]" daemon [_thread_blocked, id=31828, stack(0x00000000266b0000,0x00000000267b0000)]
  0x000000001f346800 JavaThread "elasticsearch[_client_][[timer]]" daemon [_thread_blocked, id=32984, stack(0x00000000265b0000,0x00000000266b0000)]
  0x000000001f344800 JavaThread "container-0" [_thread_blocked, id=31816, stack(0x0000000025eb0000,0x0000000025fb0000)]
  0x000000001f343000 JavaThread "Catalina-utility-2" [_thread_blocked, id=6272, stack(0x0000000025db0000,0x0000000025eb0000)]
  0x000000001f345000 JavaThread "Catalina-utility-1" [_thread_blocked, id=5012, stack(0x0000000024820000,0x0000000024920000)]
  0x000000001e9f7000 JavaThread "ReaderThread" [_thread_in_native, id=15088, stack(0x000000001f9d0000,0x000000001fad0000)]
  0x000000001da13800 JavaThread "Service Thread" daemon [_thread_blocked, id=26228, stack(0x000000001e000000,0x000000001e100000)]
  0x000000001c31d000 JavaThread "C1 CompilerThread2" daemon [_thread_blocked, id=6628, stack(0x000000001df00000,0x000000001e000000)]
=>0x000000001c31a800 JavaThread "C2 CompilerThread1" daemon [_thread_in_native, id=31460, stack(0x000000001de00000,0x000000001df00000)]
  0x000000001c2d8000 JavaThread "C2 CompilerThread0" daemon [_thread_in_native, id=16888, stack(0x000000001d900000,0x000000001da00000)]
  0x000000001c2d5000 JavaThread "Attach Listener" daemon [_thread_blocked, id=34140, stack(0x000000001d800000,0x000000001d900000)]
  0x000000001c2d1800 JavaThread "Signal Dispatcher" daemon [_thread_blocked, id=12104, stack(0x000000001d700000,0x000000001d800000)]
  0x000000001c2af800 JavaThread "Finalizer" daemon [_thread_blocked, id=24600, stack(0x000000001d510000,0x000000001d610000)]
  0x000000001c288800 JavaThread "Reference Handler" daemon [_thread_blocked, id=20224, stack(0x000000001d410000,0x000000001d510000)]
  0x0000000002bf9800 JavaThread "main" [_thread_blocked, id=26896, stack(0x0000000002af0000,0x0000000002bf0000)]

Other Threads:
  0x000000001c287000 VMThread [stack: 0x000000001d310000,0x000000001d410000] [id=12552]
  0x000000001da83800 WatcherThread [stack: 0x000000001e100000,0x000000001e200000] [id=12780]

VM state:not at safepoint (normal execution)

VM Mutex/Monitor currently owned by a thread: None

Heap:
 PSYoungGen      total 390656K, used 81031K [0x000000076b400000, 0x0000000785880000, 0x00000007c0000000)
  eden space 371200K, 16% used [0x000000076b400000,0x000000076f028250,0x0000000781e80000)
  from space 19456K, 99% used [0x0000000783580000,0x0000000784879a68,0x0000000784880000)
  to   space 23552K, 0% used [0x0000000781e80000,0x0000000781e80000,0x0000000783580000)
 ParOldGen       total 222208K, used 52191K [0x00000006c1c00000, 0x00000006cf500000, 0x000000076b400000)
  object space 222208K, 23% used [0x00000006c1c00000,0x00000006c4ef7fc0,0x00000006cf500000)
 Metaspace       used 86718K, capacity 91674K, committed 91800K, reserved 1128448K
  class space    used 12076K, capacity 13204K, committed 13224K, reserved 1048576K

Card table byte_map: [0x00000000120b0000,0x00000000128b0000] byte_map_base: 0x000000000eaa2000

Marking Bits: (ParMarkBitMap*) 0x00000000602a2d00
 Begin Bits: [0x0000000013200000, 0x0000000017190000)
 End Bits:   [0x0000000017190000, 0x000000001b120000)

Polling page: 0x0000000000f50000

CodeCache: size=245760Kb used=20948Kb max_used=21558Kb free=224811Kb
 bounds [0x0000000002cf0000, 0x0000000004220000, 0x0000000011cf0000]
 total_blobs=6678 nmethods=5943 adapters=645
 compilation: enabled

Compilation events (10 events):
Event: 30.759 Thread 0x000000001c31d000 7021       3       java.util.Optional::equals (33 bytes)
Event: 30.760 Thread 0x000000001c31d000 nmethod 7021 0x00000000038eee50 code [0x00000000038eefe0, 0x00000000038ef5a8]
Event: 30.760 Thread 0x000000001c31d000 7022       3       java.util.concurrent.ConcurrentLinkedQueue$Itr::hasNext (13 bytes)
Event: 30.760 Thread 0x000000001c31d000 nmethod 7022 0x00000000038eead0 code [0x00000000038eec20, 0x00000000038eedd0]
Event: 30.760 Thread 0x000000001c31d000 7023       3       org.apache.kafka.common.utils.Timer::remainingMs (14 bytes)
Event: 30.760 Thread 0x000000001c31d000 nmethod 7023 0x00000000038ee690 code [0x00000000038ee800, 0x00000000038eea10]
Event: 30.760 Thread 0x000000001c31d000 7024       3       sun.nio.ch.SelectionKeyImpl::readyOps (9 bytes)
Event: 30.761 Thread 0x000000001c31d000 nmethod 7024 0x00000000038ee090 code [0x00000000038ee200, 0x00000000038ee548]
Event: 30.812 Thread 0x000000001c31d000 7025   !   3       sun.nio.ch.WindowsSelectorImpl::resetWakeupSocket (41 bytes)
Event: 30.812 Thread 0x000000001c31d000 nmethod 7025 0x00000000038eda10 code [0x00000000038edb80, 0x00000000038edf68]

GC Heap History (10 events):
Event: 16.687 GC heap before
{Heap before GC invocations=11 (full 2):
 PSYoungGen      total 245760K, used 196495K [0x000000076b400000, 0x000000077b880000, 0x00000007c0000000)
  eden space 237056K, 79% used [0x000000076b400000,0x0000000776b78940,0x0000000779b80000)
  from space 8704K, 99% used [0x000000077b000000,0x000000077b86b338,0x000000077b880000)
  to   space 10240K, 0% used [0x000000077a480000,0x000000077a480000,0x000000077ae80000)
 ParOldGen       total 148480K, used 13122K [0x00000006c1c00000, 0x00000006cad00000, 0x000000076b400000)
  object space 148480K, 8% used [0x00000006c1c00000,0x00000006c28d0a80,0x00000006cad00000)
 Metaspace       used 56335K, capacity 59064K, committed 59160K, reserved 1099776K
  class space    used 7510K, capacity 8171K, committed 8232K, reserved 1048576K
Event: 16.710 GC heap after
Heap after GC invocations=11 (full 2):
 PSYoungGen      total 256512K, used 10234K [0x000000076b400000, 0x0000000780000000, 0x00000007c0000000)
  eden space 246272K, 0% used [0x000000076b400000,0x000000076b400000,0x000000077a480000)
  from space 10240K, 99% used [0x000000077a480000,0x000000077ae7eb20,0x000000077ae80000)
  to   space 16896K, 0% used [0x000000077ef80000,0x000000077ef80000,0x0000000780000000)
 ParOldGen       total 148480K, used 27293K [0x00000006c1c00000, 0x00000006cad00000, 0x000000076b400000)
  object space 148480K, 18% used [0x00000006c1c00000,0x00000006c36a76b8,0x00000006cad00000)
 Metaspace       used 56335K, capacity 59064K, committed 59160K, reserved 1099776K
  class space    used 7510K, capacity 8171K, committed 8232K, reserved 1048576K
}
Event: 16.710 GC heap before
{Heap before GC invocations=12 (full 3):
 PSYoungGen      total 256512K, used 10234K [0x000000076b400000, 0x0000000780000000, 0x00000007c0000000)
  eden space 246272K, 0% used [0x000000076b400000,0x000000076b400000,0x000000077a480000)
  from space 10240K, 99% used [0x000000077a480000,0x000000077ae7eb20,0x000000077ae80000)
  to   space 16896K, 0% used [0x000000077ef80000,0x000000077ef80000,0x0000000780000000)
 ParOldGen       total 148480K, used 27293K [0x00000006c1c00000, 0x00000006cad00000, 0x000000076b400000)
  object space 148480K, 18% used [0x00000006c1c00000,0x00000006c36a76b8,0x00000006cad00000)
 Metaspace       used 56335K, capacity 59064K, committed 59160K, reserved 1099776K
  class space    used 7510K, capacity 8171K, committed 8232K, reserved 1048576K
Event: 16.945 GC heap after
Heap after GC invocations=12 (full 3):
 PSYoungGen      total 256512K, used 0K [0x000000076b400000, 0x0000000780000000, 0x00000007c0000000)
  eden space 246272K, 0% used [0x000000076b400000,0x000000076b400000,0x000000077a480000)
  from space 10240K, 0% used [0x000000077a480000,0x000000077a480000,0x000000077ae80000)
  to   space 16896K, 0% used [0x000000077ef80000,0x000000077ef80000,0x0000000780000000)
 ParOldGen       total 222208K, used 35103K [0x00000006c1c00000, 0x00000006cf500000, 0x000000076b400000)
  object space 222208K, 15% used [0x00000006c1c00000,0x00000006c3e47dc8,0x00000006cf500000)
 Metaspace       used 56335K, capacity 59064K, committed 59160K, reserved 1099776K
  class space    used 7510K, capacity 8171K, committed 8232K, reserved 1048576K
}
Event: 21.664 GC heap before
{Heap before GC invocations=13 (full 3):
 PSYoungGen      total 256512K, used 246272K [0x000000076b400000, 0x0000000780000000, 0x00000007c0000000)
  eden space 246272K, 100% used [0x000000076b400000,0x000000077a480000,0x000000077a480000)
  from space 10240K, 0% used [0x000000077a480000,0x000000077a480000,0x000000077ae80000)
  to   space 16896K, 0% used [0x000000077ef80000,0x000000077ef80000,0x0000000780000000)
 ParOldGen       total 222208K, used 35103K [0x00000006c1c00000, 0x00000006cf500000, 0x000000076b400000)
  object space 222208K, 15% used [0x00000006c1c00000,0x00000006c3e47dc8,0x00000006cf500000)
 Metaspace       used 68779K, capacity 72716K, committed 72856K, reserved 1112064K
  class space    used 9425K, capacity 10331K, committed 10408K, reserved 1048576K
Event: 21.693 GC heap after
Heap after GC invocations=13 (full 3):
 PSYoungGen      total 320000K, used 16892K [0x000000076b400000, 0x0000000780380000, 0x00000007c0000000)
  eden space 303104K, 0% used [0x000000076b400000,0x000000076b400000,0x000000077dc00000)
  from space 16896K, 99% used [0x000000077ef80000,0x000000077ffff3f8,0x0000000780000000)
  to   space 19968K, 0% used [0x000000077dc00000,0x000000077dc00000,0x000000077ef80000)
 ParOldGen       total 222208K, used 38382K [0x00000006c1c00000, 0x00000006cf500000, 0x000000076b400000)
  object space 222208K, 17% used [0x00000006c1c00000,0x00000006c417b9f8,0x00000006cf500000)
 Metaspace       used 68779K, capacity 72716K, committed 72856K, reserved 1112064K
  class space    used 9425K, capacity 10331K, committed 10408K, reserved 1048576K
}
Event: 24.936 GC heap before
{Heap before GC invocations=14 (full 3):
 PSYoungGen      total 320000K, used 319996K [0x000000076b400000, 0x0000000780380000, 0x00000007c0000000)
  eden space 303104K, 100% used [0x000000076b400000,0x000000077dc00000,0x000000077dc00000)
  from space 16896K, 99% used [0x000000077ef80000,0x000000077ffff3f8,0x0000000780000000)
  to   space 19968K, 0% used [0x000000077dc00000,0x000000077dc00000,0x000000077ef80000)
 ParOldGen       total 222208K, used 38382K [0x00000006c1c00000, 0x00000006cf500000, 0x000000076b400000)
  object space 222208K, 17% used [0x00000006c1c00000,0x00000006c417b9f8,0x00000006cf500000)
 Metaspace       used 73974K, capacity 78244K, committed 78488K, reserved 1116160K
  class space    used 10174K, capacity 11161K, committed 11176K, reserved 1048576K
Event: 24.976 GC heap after
Heap after GC invocations=14 (full 3):
 PSYoungGen      total 323072K, used 12277K [0x000000076b400000, 0x0000000784880000, 0x00000007c0000000)
  eden space 303104K, 0% used [0x000000076b400000,0x000000076b400000,0x000000077dc00000)
  from space 19968K, 61% used [0x000000077dc00000,0x000000077e7fd790,0x000000077ef80000)
  to   space 19456K, 0% used [0x0000000783580000,0x0000000783580000,0x0000000784880000)
 ParOldGen       total 222208K, used 46776K [0x00000006c1c00000, 0x00000006cf500000, 0x000000076b400000)
  object space 222208K, 21% used [0x00000006c1c00000,0x00000006c49ae168,0x00000006cf500000)
 Metaspace       used 73974K, capacity 78244K, committed 78488K, reserved 1116160K
  class space    used 10174K, capacity 11161K, committed 11176K, reserved 1048576K
}
Event: 29.468 GC heap before
{Heap before GC invocations=15 (full 3):
 PSYoungGen      total 323072K, used 315381K [0x000000076b400000, 0x0000000784880000, 0x00000007c0000000)
  eden space 303104K, 100% used [0x000000076b400000,0x000000077dc00000,0x000000077dc00000)
  from space 19968K, 61% used [0x000000077dc00000,0x000000077e7fd790,0x000000077ef80000)
  to   space 19456K, 0% used [0x0000000783580000,0x0000000783580000,0x0000000784880000)
 ParOldGen       total 222208K, used 46776K [0x00000006c1c00000, 0x00000006cf500000, 0x000000076b400000)
  object space 222208K, 21% used [0x00000006c1c00000,0x00000006c49ae168,0x00000006cf500000)
 Metaspace       used 84868K, capacity 89670K, committed 89880K, reserved 1126400K
  class space    used 11731K, capacity 12824K, committed 12840K, reserved 1048576K
Event: 29.561 GC heap after
Heap after GC invocations=15 (full 3):
 PSYoungGen      total 390656K, used 19430K [0x000000076b400000, 0x0000000785880000, 0x00000007c0000000)
  eden space 371200K, 0% used [0x000000076b400000,0x000000076b400000,0x0000000781e80000)
  from space 19456K, 99% used [0x0000000783580000,0x0000000784879a68,0x0000000784880000)
  to   space 23552K, 0% used [0x0000000781e80000,0x0000000781e80000,0x0000000783580000)
 ParOldGen       total 222208K, used 52191K [0x00000006c1c00000, 0x00000006cf500000, 0x000000076b400000)
  object space 222208K, 23% used [0x00000006c1c00000,0x00000006c4ef7fc0,0x00000006cf500000)
 Metaspace       used 84868K, capacity 89670K, committed 89880K, reserved 1126400K
  class space    used 11731K, capacity 12824K, committed 12840K, reserved 1048576K
}

Deoptimization events (10 events):
Event: 29.325 Thread 0x0000000002bf9800 Uncommon trap: reason=predicate action=maybe_recompile pc=0x00000000032a0e0c method=java.util.TreeMap.put(Ljava/lang/Object;Ljava/lang/Object;)Ljava/lang/Object; @ 132
Event: 29.561 Thread 0x000000001c288800 Uncommon trap: reason=unstable_if action=reinterpret pc=0x0000000002f1c010 method=java.lang.ref.Reference.tryHandlePending(Z)Z @ 20
Event: 29.693 Thread 0x0000000002bf9800 Uncommon trap: reason=class_check action=maybe_recompile pc=0x0000000002f0e1a0 method=java.util.TreeMap.getEntry(Ljava/lang/Object;)Ljava/util/TreeMap$Entry; @ 26
Event: 29.748 Thread 0x0000000002bf9800 Uncommon trap: reason=bimorphic action=maybe_recompile pc=0x0000000003a29dec method=org.springframework.core.annotation.TypeMappedAnnotations$AggregatesCollector.addAggregateAnnotations(Ljava/util/List;[Ljava/lang/annotation/Annotation;)V @ 53
Event: 29.749 Thread 0x0000000002bf9800 Uncommon trap: reason=bimorphic action=maybe_recompile pc=0x0000000003a29dec method=org.springframework.core.annotation.TypeMappedAnnotations$AggregatesCollector.addAggregateAnnotations(Ljava/util/List;[Ljava/lang/annotation/Annotation;)V @ 53
Event: 29.992 Thread 0x0000000002bf9800 Uncommon trap: reason=bimorphic action=maybe_recompile pc=0x0000000003d7f248 method=java.util.AbstractList$Itr.next()Ljava/lang/Object; @ 14
Event: 29.995 Thread 0x0000000002bf9800 Uncommon trap: reason=bimorphic action=maybe_recompile pc=0x0000000003d7f248 method=java.util.AbstractList$Itr.next()Ljava/lang/Object; @ 14
Event: 29.996 Thread 0x0000000002bf9800 Uncommon trap: reason=bimorphic action=maybe_recompile pc=0x0000000003d7f248 method=java.util.AbstractList$Itr.next()Ljava/lang/Object; @ 14
Event: 29.996 Thread 0x0000000002bf9800 Uncommon trap: reason=bimorphic action=maybe_recompile pc=0x0000000003d7f248 method=java.util.AbstractList$Itr.next()Ljava/lang/Object; @ 14
Event: 30.660 Thread 0x0000000024a35000 Uncommon trap: reason=unstable_if action=reinterpret pc=0x0000000002e96d90 method=java.lang.String.replace(CC)Ljava/lang/String; @ 2

Classes redefined (0 events):
No events

Internal exceptions (10 events):
Event: 29.208 Thread 0x0000000002bf9800 Exception <a 'java/lang/ClassNotFoundException': org/apache/camel/spi/HeaderFilterStrategyAwareCustomizer> (0x000000077c6af240) thrown at [C:\re\workspace\8-2-build-windows-amd64-cygwin\jdk8u181\11358\hotspot\src\share\vm\classfile\systemDictionary.cpp, l
Event: 29.209 Thread 0x0000000002bf9800 Exception <a 'java/lang/ClassNotFoundException': org/apache/camel/ComponentCustomizer> (0x000000077c6d9240) thrown at [C:\re\workspace\8-2-build-windows-amd64-cygwin\jdk8u181\11358\hotspot\src\share\vm\classfile\systemDictionary.cpp, line 210]
Event: 29.210 Thread 0x0000000002bf9800 Exception <a 'java/lang/ClassNotFoundException': org/apache/camel/CamelContextAwareCustomizer> (0x000000077c7094c0) thrown at [C:\re\workspace\8-2-build-windows-amd64-cygwin\jdk8u181\11358\hotspot\src\share\vm\classfile\systemDictionary.cpp, line 210]
Event: 29.211 Thread 0x0000000002bf9800 Exception <a 'java/lang/ClassNotFoundException': org/apache/camel/StatefulServiceCustomizer> (0x000000077c7358e0) thrown at [C:\re\workspace\8-2-build-windows-amd64-cygwin\jdk8u181\11358\hotspot\src\share\vm\classfile\systemDictionary.cpp, line 210]
Event: 29.212 Thread 0x0000000002bf9800 Exception <a 'java/lang/ClassNotFoundException': org/apache/camel/SuspendableServiceCustomizer> (0x000000077c767e70) thrown at [C:\re\workspace\8-2-build-windows-amd64-cygwin\jdk8u181\11358\hotspot\src\share\vm\classfile\systemDictionary.cpp, line 210]
Event: 29.213 Thread 0x0000000002bf9800 Exception <a 'java/lang/ClassNotFoundException': org/apache/camel/ServiceCustomizer> (0x000000077c78df38) thrown at [C:\re\workspace\8-2-build-windows-amd64-cygwin\jdk8u181\11358\hotspot\src\share\vm\classfile\systemDictionary.cpp, line 210]
Event: 29.215 Thread 0x0000000002bf9800 Exception <a 'java/lang/ClassNotFoundException': org/apache/camel/ShutdownableServiceCustomizer> (0x000000077c7bb3a8) thrown at [C:\re\workspace\8-2-build-windows-amd64-cygwin\jdk8u181\11358\hotspot\src\share\vm\classfile\systemDictionary.cpp, line 210]
Event: 29.216 Thread 0x0000000002bf9800 Exception <a 'java/lang/ClassNotFoundException': org/apache/camel/ServiceCustomizer> (0x000000077c7e0188) thrown at [C:\re\workspace\8-2-build-windows-amd64-cygwin\jdk8u181\11358\hotspot\src\share\vm\classfile\systemDictionary.cpp, line 210]
Event: 29.719 Thread 0x0000000002bf9800 Exception <a 'java/lang/ClassNotFoundException': java/lang/ObjectCustomizer> (0x000000076c331ec0) thrown at [C:\re\workspace\8-2-build-windows-amd64-cygwin\jdk8u181\11358\hotspot\src\share\vm\classfile\systemDictionary.cpp, line 210]
Event: 29.721 Thread 0x0000000002bf9800 Exception <a 'java/lang/ClassNotFoundException': com/example/demo/RestClientControllerTestCustomizer> (0x000000076c3657a0) thrown at [C:\re\workspace\8-2-build-windows-amd64-cygwin\jdk8u181\11358\hotspot\src\share\vm\classfile\systemDictionary.cpp, line 2

Events (10 events):
Event: 30.636 Executing VM operation: RevokeBias done
Event: 30.659 Executing VM operation: RevokeBias
Event: 30.659 Executing VM operation: RevokeBias done
Event: 30.659 Executing VM operation: RevokeBias
Event: 30.659 Executing VM operation: RevokeBias done
Event: 30.660 loading class org/apache/camel/component/file/FileBinding
Event: 30.660 loading class org/apache/camel/component/file/FileBinding done
Event: 30.660 Thread 0x0000000024a35000 Uncommon trap: trap_request=0xffffff65 fr.pc=0x0000000002e96d90
Event: 30.660 Thread 0x0000000024a35000 DEOPT PACKING pc=0x0000000002e96d90 sp=0x00000000350bef90
Event: 30.661 Thread 0x0000000024a35000 DEOPT UNPACKING pc=0x0000000002d3583b sp=0x00000000350bef28 mode 2


Dynamic libraries:
0x00007ff702840000 - 0x00007ff702877000 	C:\jdk1.8.0_181\bin\javaw.exe
0x00007ff8ff9f0000 - 0x00007ff8ffbd1000 	C:\Windows\SYSTEM32\ntdll.dll
0x00007ff8fd900000 - 0x00007ff8fd9b1000 	C:\Windows\System32\KERNEL32.DLL
0x00007ff8fc190000 - 0x00007ff8fc403000 	C:\Windows\System32\KERNELBASE.dll
0x00007ff8fd1e0000 - 0x00007ff8fd281000 	C:\Windows\System32\ADVAPI32.dll
0x00007ff8ff820000 - 0x00007ff8ff8be000 	C:\Windows\System32\msvcrt.dll
0x00007ff8ff7c0000 - 0x00007ff8ff81b000 	C:\Windows\System32\sechost.dll
0x00007ff8ff690000 - 0x00007ff8ff7b4000 	C:\Windows\System32\RPCRT4.dll
0x00007ff8fcfc0000 - 0x00007ff8fd150000 	C:\Windows\System32\USER32.dll
0x00007ff8fbf20000 - 0x00007ff8fbf40000 	C:\Windows\System32\win32u.dll
0x00007ff8fd150000 - 0x00007ff8fd178000 	C:\Windows\System32\GDI32.dll
0x00007ff8fbf40000 - 0x00007ff8fc0d1000 	C:\Windows\System32\gdi32full.dll
0x00007ff8fbdb0000 - 0x00007ff8fbe4f000 	C:\Windows\System32\msvcp_win.dll
0x00007ff8fc600000 - 0x00007ff8fc6f8000 	C:\Windows\System32\ucrtbase.dll
0x00007ff8e1450000 - 0x00007ff8e16b9000 	C:\Windows\WinSxS\amd64_microsoft.windows.common-controls_6595b64144ccf1df_6.0.17134.1067_none_d401a3eb7c8ebdea\COMCTL32.dll
0x00007ff8fd290000 - 0x00007ff8fd5b1000 	C:\Windows\System32\combase.dll
0x00007ff8fbe50000 - 0x00007ff8fbec9000 	C:\Windows\System32\bcryptPrimitives.dll
0x00007ff8fd9c0000 - 0x00007ff8fd9ed000 	C:\Windows\System32\IMM32.DLL
0x0000000060560000 - 0x0000000060632000 	C:\jdk1.8.0_181\jre\bin\msvcr100.dll
0x000000005fa80000 - 0x0000000060322000 	C:\jdk1.8.0_181\jre\bin\server\jvm.dll
0x00007ff8ff150000 - 0x00007ff8ff158000 	C:\Windows\System32\PSAPI.DLL
0x00007ff8d8230000 - 0x00007ff8d8239000 	C:\Windows\SYSTEM32\WSOCK32.dll
0x00007ff8f4b60000 - 0x00007ff8f4b6a000 	C:\Windows\SYSTEM32\VERSION.dll
0x00007ff8fef40000 - 0x00007ff8fefac000 	C:\Windows\System32\WS2_32.dll
0x00007ff8ee0e0000 - 0x00007ff8ee103000 	C:\Windows\SYSTEM32\WINMM.dll
0x00007ff8ee170000 - 0x00007ff8ee19a000 	C:\Windows\SYSTEM32\winmmbase.dll
0x00007ff8fbed0000 - 0x00007ff8fbf19000 	C:\Windows\System32\cfgmgr32.dll
0x00000000609a0000 - 0x00000000609af000 	C:\jdk1.8.0_181\jre\bin\verify.dll
0x0000000060800000 - 0x0000000060829000 	C:\jdk1.8.0_181\jre\bin\java.dll
0x00000000607e0000 - 0x00000000607f6000 	C:\jdk1.8.0_181\jre\bin\zip.dll
0x00007ff8fdaf0000 - 0x00007ff8fef34000 	C:\Windows\System32\SHELL32.dll
0x00007ff8fce70000 - 0x00007ff8fcf19000 	C:\Windows\System32\shcore.dll
0x00007ff8fc700000 - 0x00007ff8fce10000 	C:\Windows\System32\windows.storage.dll
0x00007ff8ff8c0000 - 0x00007ff8ff911000 	C:\Windows\System32\shlwapi.dll
0x00007ff8fbd90000 - 0x00007ff8fbda1000 	C:\Windows\System32\kernel.appcore.dll
0x00007ff8fbd50000 - 0x00007ff8fbd6f000 	C:\Windows\System32\profapi.dll
0x00007ff8fbcf0000 - 0x00007ff8fbd3c000 	C:\Windows\System32\powrprof.dll
0x00007ff8fbd40000 - 0x00007ff8fbd4a000 	C:\Windows\System32\FLTLIB.DLL
0x00000000607c0000 - 0x00000000607da000 	C:\jdk1.8.0_181\jre\bin\net.dll
0x00007ff8fb4c0000 - 0x00007ff8fb526000 	C:\Windows\system32\mswsock.dll
0x00000000607a0000 - 0x00000000607b1000 	C:\jdk1.8.0_181\jre\bin\nio.dll
0x0000000060990000 - 0x000000006099d000 	C:\jdk1.8.0_181\jre\bin\management.dll
0x00007ff8eb1f0000 - 0x00007ff8eb206000 	C:\Windows\system32\napinsp.dll
0x00007ff8eb210000 - 0x00007ff8eb22a000 	C:\Windows\system32\pnrpnsp.dll
0x00007ff8f3780000 - 0x00007ff8f3799000 	C:\Windows\system32\NLAapi.dll
0x00007ff8fb260000 - 0x00007ff8fb31e000 	C:\Windows\SYSTEM32\DNSAPI.dll
0x00007ff8ff680000 - 0x00007ff8ff688000 	C:\Windows\System32\NSI.dll
0x00007ff8fb220000 - 0x00007ff8fb258000 	C:\Windows\SYSTEM32\IPHLPAPI.DLL
0x00007ff8eb230000 - 0x00007ff8eb23e000 	C:\Windows\System32\winrnr.dll
0x00007ff8f4aa0000 - 0x00007ff8f4ab5000 	C:\Windows\System32\wshbth.dll
0x00007ff8f2010000 - 0x00007ff8f201a000 	C:\Windows\System32\rasadhlp.dll
0x00007ff8f9000000 - 0x00007ff8f9072000 	C:\Windows\System32\fwpuclnt.dll
0x00007ff8fb790000 - 0x00007ff8fb7b5000 	C:\Windows\SYSTEM32\bcrypt.dll
0x00007ff8fb6d0000 - 0x00007ff8fb6e7000 	C:\Windows\SYSTEM32\CRYPTSP.dll
0x00007ff8fb080000 - 0x00007ff8fb0b3000 	C:\Windows\system32\rsaenh.dll
0x00007ff8fbbf0000 - 0x00007ff8fbc18000 	C:\Windows\SYSTEM32\USERENV.dll
0x00007ff8fb620000 - 0x00007ff8fb62b000 	C:\Windows\SYSTEM32\CRYPTBASE.dll
0x00007ff8f8d80000 - 0x00007ff8f8d96000 	C:\Windows\SYSTEM32\dhcpcsvc6.DLL
0x00007ff8f8d60000 - 0x00007ff8f8d7a000 	C:\Windows\SYSTEM32\dhcpcsvc.DLL
0x0000000060cb0000 - 0x0000000060cd4000 	C:\jdk1.8.0_181\jre\bin\sunec.dll

VM Arguments:
jvm_args: -Dfile.encoding=UTF-8 
java_command: org.eclipse.jdt.internal.junit.runner.RemoteTestRunner -version 3 -port 64809 -testLoaderClass org.eclipse.jdt.internal.junit4.runner.JUnit4TestLoader -loaderpluginname org.eclipse.jdt.junit4.runtime -classNames com.example.demo.RestClientControllerTest
java_class_path (initial): D:\pfernandez\workspace\git\rnd\demo\target\test-classes;D:\pfernandez\workspace\git\rnd\demo\target\classes;C:\sts-bundle\sts-3.7.2.RELEASE\plugins\org.junit_4.12.0.v201504281640\junit.jar;C:\sts-bundle\sts-3.7.2.RELEASE\plugins\org.hamcrest.core_1.3.0.v201303031735.jar;D:\repository\org\springframework\boot\spring-boot-starter-data-elasticsearch\2.2.0.RELEASE\spring-boot-starter-data-elasticsearch-2.2.0.RELEASE.jar;D:\repository\org\springframework\boot\spring-boot-starter\2.2.0.RELEASE\spring-boot-starter-2.2.0.RELEASE.jar;D:\repository\org\springframework\boot\spring-boot-starter-logging\2.2.0.RELEASE\spring-boot-starter-logging-2.2.0.RELEASE.jar;D:\repository\ch\qos\logback\logback-classic\1.2.3\logback-classic-1.2.3.jar;D:\repository\ch\qos\logback\logback-core\1.2.3\logback-core-1.2.3.jar;D:\repository\org\apache\logging\log4j\log4j-to-slf4j\2.12.1\log4j-to-slf4j-2.12.1.jar;D:\repository\org\apache\logging\log4j\log4j-api\2.12.1\log4j-api-2.12.1.jar;D:\repository\org\slf4j\jul-to-slf4j\1.7.28\jul-to-slf4j-1.7.28.jar;D:\repository\jakarta\annotation\jakarta.annotation-api\1.3.5\jakarta.annotation-api-1.3.5.jar;D:\repository\org\yaml\snakeyaml\1.25\snakeyaml-1.25.jar;D:\repository\org\springframework\data\spring-data-elasticsearch\3.2.0.RELEASE\spring-data-elasticsearch-3.2.0.RELEASE.jar;D:\repository\org\springframework\data\spring-data-commons\2.2.0.RELEASE\spring-data-commons-2.2.0.RELEASE.jar;D:\repository\joda-time\joda-time\2.10.4\joda-time-2.10.4.jar;D:\repository\org\elasticsearch\client\transport\6.8.3\transport-6.8.3.jar;D:\repository\org\elasticsearch\elasticsearch\6.8.3\elasticsearch-6.8.3.jar;D:\repository\org\elasticsearch\elasticsearch-core\6.8.3\elasticsearch-core-6.8.3.jar;D:\repository\org\elasticsearch\elasticsearch-secure-sm\6.8.3\elasticsearch-secure-sm-6.8.3.jar;D:\repository\org\elasticsearch\elasticsearch-x-content\6.8.3\elasticsearch-x-content-6.8.3.jar;D:\repository\com\fasterxml\jackson\dataformat\jackson-
Launcher Type: SUN_STANDARD

Environment Variables:
JAVA_HOME=C:\jdk1.8.0_181
CLASSPATH=.;C:\PROGRA~1\IBM\SQLLIB\java\db2java.zip;C:\PROGRA~1\IBM\SQLLIB\java\db2jcc.jar;C:\PROGRA~1\IBM\SQLLIB\java\sqlj.zip;C:\PROGRA~1\IBM\SQLLIB\java\db2jcc_license_cu.jar;C:\PROGRA~1\IBM\SQLLIB\bin;C:\PROGRA~1\IBM\SQLLIB\java\common.jar
PATH=C:\ProgramData\DockerDesktop\version-bin;C:\Program Files\Docker\Docker\Resources\bin;C:\Program Files (x86)\Common Files\Oracle\Java\javapath;C:\Program Files (x86)\RSA SecurID Token Common;C:\Program Files\RSA SecurID Token Common;C:\Windows\system32;C:\Windows;C:\Windows\System32\Wbem;C:\Windows\System32\WindowsPowerShell\v1.0\;C:\Windows\System32\OpenSSH\;C:\Windows\CCM;C:\Program Files (x86)\Common Files\EMC\;C:\PROGRA~1\IBM\SQLLIB\BIN;C:\PROGRA~1\IBM\SQLLIB\FUNCTION;C:\PROGRA~1\IBM\SQLLIB\SAMPLES\REPL;C:\Program Files (x86)\Microsoft SQL Server\Client SDK\ODBC\110\Tools\Binn\;C:\Program Files (x86)\Microsoft SQL Server\120\Tools\Binn\ManagementStudio\;C:\Program Files (x86)\Microsoft SQL Server\120\Tools\Binn\;C:\Program Files (x86)\Microsoft SQL Server\120\DTS\Binn\;C:\PostgreSQL\pg10\bin;C:\spark-2.4.0-bin-hadoop2.7\bin;C:\git\cmd;C:\maven-3.3.9\bin;C:\Gpg4win\..\GnuPG\bin;C:\Users\pfernandez\Downloads;C:\TortoiseSVN\bin;C:\nodejs;C:\jdk1.8.0_181\bin;C:\redis;C:\Users\pfernandez\AppData\Local\Microsof;C:\ProgramData\chocolatey\bin;C:\Amazon\AWSCLI\bin\;C:\Program Files\Intel\WiFi\bin\;C:\Program Files\Common Files\Intel\WirelessCommon\;"C:\Users\pfernandez\AppData\Local\Microsoft\WindowsApps;";;C:\Users\pfernandez\AppData\Local\Programs\Microsoft VS Code\bin
USERNAME=pfernandez
OS=Windows_NT
PROCESSOR_IDENTIFIER=Intel64 Family 6 Model 78 Stepping 3, GenuineIntel



---------------  S Y S T E M  ---------------

OS: Windows 10.0 , 64 bit Build 17134 (10.0.17134.753)

CPU:total 4 (initial active 4) (2 cores per cpu, 2 threads per core) family 6 model 78 stepping 3, cmov, cx8, fxsr, mmx, sse, sse2, sse3, ssse3, sse4.1, sse4.2, popcnt, avx, avx2, aes, clmul, erms, 3dnowpref, lzcnt, ht, tsc, tscinvbit, bmi1, bmi2, adx

Memory: 4k page, physical 16654928k(1194616k free), swap 47831756k(5212k free)

vm_info: Java HotSpot(TM) 64-Bit Server VM (25.181-b13) for windows-amd64 JRE (1.8.0_181-b13), built on Jul  7 2018 04:01:33 by "java_re" with MS VC++ 10.0 (VS2010)

time: Sun Nov 17 18:43:27 2019
elapsed time: 30 seconds (0d 0h 0m 30s)

