#
# There is insufficient memory for the Java Runtime Environment to continue.
# Native memory allocation (malloc) failed to allocate 65552 bytes for Chunk::new
# Possible reasons:
#   The system is out of physical RAM or swap space
#   In 32 bit mode, the process size limit was hit
# Possible solutions:
#   Reduce memory load on the system
#   Increase physical memory or swap space
#   Check if swap backing store is full
#   Use 64 bit Java on a 64 bit OS
#   Decrease Java heap size (-Xmx/-Xms)
#   Decrease number of Java threads
#   Decrease Java thread stack sizes (-Xss)
#   Set larger code cache with -XX:ReservedCodeCacheSize=
# This output file may be truncated or incomplete.
#
#  Out of Memory Error (allocation.cpp:390), pid=34592, tid=0x000000000000863c
#
# JRE version: Java(TM) SE Runtime Environment (8.0_181-b13) (build 1.8.0_181-b13)
# Java VM: Java HotSpot(TM) 64-Bit Server VM (25.181-b13 mixed mode windows-amd64 compressed oops)
# Failed to write core dump. Minidumps are not enabled by default on client versions of Windows
#

---------------  T H R E A D  ---------------

Current thread (0x000000001cb26800):  JavaThread "C2 CompilerThread0" daemon [_thread_in_native, id=34364, stack(0x000000001e180000,0x000000001e280000)]

Stack: [0x000000001e180000,0x000000001e280000]
[error occurred during error reporting (printing stack bounds), id 0xc0000005]

Native frames: (J=compiled Java code, j=interpreted, Vv=VM code, C=native code)


Current CompileTask:
C2:  31723 6713       4       org.springframework.core.ResolvableType::equals (157 bytes)


---------------  P R O C E S S  ---------------

Java Threads: ( => current thread )
  0x000000002550e000 JavaThread "ForkJoinPool.commonPool-worker-2" daemon [_thread_blocked, id=32292, stack(0x0000000035380000,0x0000000035480000)]
  0x000000002550f800 JavaThread "ForkJoinPool.commonPool-worker-1" daemon [_thread_blocked, id=32852, stack(0x0000000035280000,0x0000000035380000)]
  0x0000000025508800 JavaThread "kafka-coordinator-heartbeat-thread | group_json" daemon [_thread_blocked, id=19292, stack(0x0000000034bd0000,0x0000000034cd0000)]
  0x0000000025509800 JavaThread "org.springframework.kafka.KafkaListenerEndpointContainer#1-0-C-1" [_thread_in_native, id=19460, stack(0x0000000034ad0000,0x0000000034bd0000)]
  0x000000001f526000 JavaThread "ThreadPoolTaskScheduler-1" [_thread_blocked, id=34736, stack(0x00000000349d0000,0x0000000034ad0000)]
  0x000000001f51b000 JavaThread "kafka-coordinator-heartbeat-thread | group_id" daemon [_thread_blocked, id=4332, stack(0x00000000348d0000,0x00000000349d0000)]
  0x000000001f525800 JavaThread "org.springframework.kafka.KafkaListenerEndpointContainer#0-0-C-1" [_thread_in_native, id=1984, stack(0x00000000346d0000,0x00000000347d0000)]
  0x000000001f527000 JavaThread "ThreadPoolTaskScheduler-1" [_thread_blocked, id=9048, stack(0x00000000345d0000,0x00000000346d0000)]
  0x000000001f524000 JavaThread "elasticsearch[_client_][generic][T#4]" daemon [_thread_blocked, id=16568, stack(0x00000000322f0000,0x00000000323f0000)]
  0x000000001f523000 JavaThread "I/O dispatcher 4" [_thread_in_native, id=33580, stack(0x0000000031dd0000,0x0000000031ed0000)]
  0x000000001f51b800 JavaThread "I/O dispatcher 3" [_thread_in_native, id=19312, stack(0x0000000031cd0000,0x0000000031dd0000)]
  0x000000001f522800 JavaThread "I/O dispatcher 2" [_thread_in_native, id=30572, stack(0x0000000031bd0000,0x0000000031cd0000)]
  0x000000001f521800 JavaThread "I/O dispatcher 1" [_thread_in_native, id=20232, stack(0x0000000031ad0000,0x0000000031bd0000)]
  0x000000001f51d000 JavaThread "pool-1-thread-1" [_thread_in_native, id=33340, stack(0x00000000319d0000,0x0000000031ad0000)]
  0x000000001f51a000 JavaThread "elasticsearch[_client_][generic][T#3]" daemon [_thread_blocked, id=15544, stack(0x00000000318d0000,0x00000000319d0000)]
  0x000000001f521000 JavaThread "elasticsearch[_client_][management][T#2]" daemon [_thread_blocked, id=24396, stack(0x00000000307c0000,0x00000000308c0000)]
  0x000000001f519800 JavaThread "elasticsearch[_client_][generic][T#2]" daemon [_thread_blocked, id=32908, stack(0x000000002dd80000,0x000000002de80000)]
  0x000000001f520000 JavaThread "elasticsearch[_client_][transport_worker][T#8]" daemon [_thread_in_native, id=29624, stack(0x000000002ac50000,0x000000002ad50000)]
  0x000000001f518800 JavaThread "elasticsearch[_client_][transport_worker][T#7]" daemon [_thread_in_native, id=31052, stack(0x000000002ab50000,0x000000002ac50000)]
  0x000000001f51e800 JavaThread "elasticsearch[_client_][transport_worker][T#6]" daemon [_thread_in_native, id=29160, stack(0x000000002aa50000,0x000000002ab50000)]
  0x000000001f51e000 JavaThread "elasticsearch[_client_][transport_worker][T#5]" daemon [_thread_in_native, id=33036, stack(0x000000002a950000,0x000000002aa50000)]
  0x000000001f51f800 JavaThread "elasticsearch[_client_][transport_worker][T#4]" daemon [_thread_in_native, id=3980, stack(0x000000002a850000,0x000000002a950000)]
  0x000000001f51c800 JavaThread "elasticsearch[_client_][transport_worker][T#3]" daemon [_thread_in_native, id=25536, stack(0x000000002a750000,0x000000002a850000)]
  0x000000001f518000 JavaThread "elasticsearch[_client_][transport_worker][T#2]" daemon [_thread_in_native, id=28720, stack(0x000000002a650000,0x000000002a750000)]
  0x0000000022a48000 JavaThread "elasticsearch[_client_][generic][T#1]" daemon [_thread_blocked, id=13260, stack(0x000000002a350000,0x000000002a450000)]
  0x0000000022a47000 JavaThread "elasticsearch[_client_][transport_worker][T#1]" daemon [_thread_in_native, id=18104, stack(0x0000000029140000,0x0000000029240000)]
  0x0000000022a4d000 JavaThread "elasticsearch[_client_][management][T#1]" daemon [_thread_blocked, id=84, stack(0x0000000029040000,0x0000000029140000)]
  0x0000000022a49800 JavaThread "elasticsearch[_client_][scheduler][T#1]" daemon [_thread_blocked, id=29176, stack(0x0000000028d40000,0x0000000028e40000)]
  0x0000000022a4c800 JavaThread "elasticsearch[_client_][[timer]]" daemon [_thread_blocked, id=34548, stack(0x0000000027fd0000,0x00000000280d0000)]
  0x0000000022a48800 JavaThread "container-0" [_thread_blocked, id=11872, stack(0x0000000026870000,0x0000000026970000)]
  0x0000000022a4b800 JavaThread "Catalina-utility-2" [_thread_blocked, id=31040, stack(0x0000000025120000,0x0000000025220000)]
  0x0000000022a4a000 JavaThread "Catalina-utility-1" [_thread_blocked, id=4856, stack(0x0000000024980000,0x0000000024a80000)]
  0x000000001f230800 JavaThread "ReaderThread" [_thread_in_native, id=23900, stack(0x0000000020250000,0x0000000020350000)]
  0x000000001cb6e800 JavaThread "Service Thread" daemon [_thread_blocked, id=34668, stack(0x000000001e880000,0x000000001e980000)]
  0x000000001cb31000 JavaThread "C1 CompilerThread2" daemon [_thread_in_native, id=16148, stack(0x000000001e380000,0x000000001e480000)]
  0x000000001cb2e000 JavaThread "C2 CompilerThread1" daemon [_thread_in_native, id=18488, stack(0x000000001e280000,0x000000001e380000)]
=>0x000000001cb26800 JavaThread "C2 CompilerThread0" daemon [_thread_in_native, id=34364, stack(0x000000001e180000,0x000000001e280000)]
  0x000000001cb23000 JavaThread "Attach Listener" daemon [_thread_blocked, id=29364, stack(0x000000001e080000,0x000000001e180000)]
  0x000000001cb21800 JavaThread "Signal Dispatcher" daemon [_thread_blocked, id=12280, stack(0x000000001df80000,0x000000001e080000)]
  0x000000001caff800 JavaThread "Finalizer" daemon [_thread_blocked, id=32352, stack(0x000000001dd90000,0x000000001de90000)]
  0x000000001cad8800 JavaThread "Reference Handler" daemon [_thread_blocked, id=5468, stack(0x000000001dc90000,0x000000001dd90000)]
  0x0000000003449800 JavaThread "main" [_thread_in_Java, id=16700, stack(0x00000000032b0000,0x00000000033b0000)]

Other Threads:
  0x000000001cad7000 VMThread [stack: 0x000000001db90000,0x000000001dc90000] [id=8436]
  0x000000001e50b800 WatcherThread [stack: 0x000000001e980000,0x000000001ea80000] [id=28864]

VM state:not at safepoint (normal execution)

VM Mutex/Monitor currently owned by a thread: None

Heap:
 PSYoungGen      total 374272K, used 35884K [0x000000076b400000, 0x0000000784600000, 0x00000007c0000000)
  eden space 352256K, 3% used [0x000000076b400000,0x000000076c18f358,0x0000000780c00000)
  from space 22016K, 99% used [0x0000000782700000,0x0000000783c7c090,0x0000000783c80000)
  to   space 27648K, 0% used [0x0000000780c00000,0x0000000780c00000,0x0000000782700000)
 ParOldGen       total 240640K, used 45222K [0x00000006c1c00000, 0x00000006d0700000, 0x000000076b400000)
  object space 240640K, 18% used [0x00000006c1c00000,0x00000006c4829b90,0x00000006d0700000)
 Metaspace       used 82629K, capacity 87486K, committed 87576K, reserved 1124352K
  class space    used 11465K, capacity 12574K, committed 12584K, reserved 1048576K

Card table byte_map: [0x0000000012900000,0x0000000013100000] byte_map_base: 0x000000000f2f2000

Marking Bits: (ParMarkBitMap*) 0x00000000602a2d00
 Begin Bits: [0x0000000013a50000, 0x00000000179e0000)
 End Bits:   [0x00000000179e0000, 0x000000001b970000)

Polling page: 0x0000000001340000

CodeCache: size=245760Kb used=21110Kb max_used=21110Kb free=224649Kb
 bounds [0x0000000003540000, 0x00000000049f0000, 0x0000000012540000]
 total_blobs=6445 nmethods=5720 adapters=636
 compilation: enabled

Compilation events (10 events):
Event: 31.686 Thread 0x000000001cb31000 6744       3       org.apache.camel.util.IntrospectionSupport::isGetter (115 bytes)
Event: 31.688 Thread 0x000000001cb31000 nmethod 6744 0x00000000049e1bd0 code [0x00000000049e1ee0, 0x00000000049e3858]
Event: 31.691 Thread 0x000000001cb31000 6747       3       jdk.internal.org.objectweb.asm.MethodWriter::visitFrame (233 bytes)
Event: 31.692 Thread 0x000000001cb31000 nmethod 6747 0x00000000049e5150 code [0x00000000049e5320, 0x00000000049e5b18]
Event: 31.693 Thread 0x000000001cb31000 6750       3       java.lang.Long::stringSize (38 bytes)
Event: 31.693 Thread 0x000000001cb31000 nmethod 6750 0x00000000049e62d0 code [0x00000000049e6440, 0x00000000049e6690]
Event: 31.693 Thread 0x000000001cb31000 6751       3       java.lang.Long::getChars (221 bytes)
Event: 31.694 Thread 0x000000001cb31000 nmethod 6751 0x00000000049e6750 code [0x00000000049e6920, 0x00000000049e6f90]
Event: 31.700 Thread 0x000000001cb31000 6752       3       org.apache.camel.util.IntrospectionSupport$MethodInfo::<init> (5 bytes)
Event: 31.700 Thread 0x000000001cb31000 nmethod 6752 0x00000000049e7710 code [0x00000000049e7860, 0x00000000049e7a10]

GC Heap History (10 events):
Event: 16.045 GC heap before
{Heap before GC invocations=11 (full 2):
 PSYoungGen      total 229888K, used 199837K [0x000000076b400000, 0x000000077a700000, 0x00000007c0000000)
  eden space 221184K, 86% used [0x000000076b400000,0x0000000776ed7b88,0x0000000778c00000)
  from space 8704K, 97% used [0x0000000779e80000,0x000000077a6cf928,0x000000077a700000)
  to   space 10240K, 0% used [0x0000000779300000,0x0000000779300000,0x0000000779d00000)
 ParOldGen       total 158208K, used 13100K [0x00000006c1c00000, 0x00000006cb680000, 0x000000076b400000)
  object space 158208K, 8% used [0x00000006c1c00000,0x00000006c28cb218,0x00000006cb680000)
 Metaspace       used 56333K, capacity 59096K, committed 59160K, reserved 1099776K
  class space    used 7514K, capacity 8205K, committed 8232K, reserved 1048576K
Event: 16.077 GC heap after
Heap after GC invocations=11 (full 2):
 PSYoungGen      total 238592K, used 10218K [0x000000076b400000, 0x000000077e480000, 0x00000007c0000000)
  eden space 228352K, 0% used [0x000000076b400000,0x000000076b400000,0x0000000779300000)
  from space 10240K, 99% used [0x0000000779300000,0x0000000779cfab30,0x0000000779d00000)
  to   space 16896K, 0% used [0x000000077d400000,0x000000077d400000,0x000000077e480000)
 ParOldGen       total 158208K, used 27336K [0x00000006c1c00000, 0x00000006cb680000, 0x000000076b400000)
  object space 158208K, 17% used [0x00000006c1c00000,0x00000006c36b2140,0x00000006cb680000)
 Metaspace       used 56333K, capacity 59096K, committed 59160K, reserved 1099776K
  class space    used 7514K, capacity 8205K, committed 8232K, reserved 1048576K
}
Event: 16.077 GC heap before
{Heap before GC invocations=12 (full 3):
 PSYoungGen      total 238592K, used 10218K [0x000000076b400000, 0x000000077e480000, 0x00000007c0000000)
  eden space 228352K, 0% used [0x000000076b400000,0x000000076b400000,0x0000000779300000)
  from space 10240K, 99% used [0x0000000779300000,0x0000000779cfab30,0x0000000779d00000)
  to   space 16896K, 0% used [0x000000077d400000,0x000000077d400000,0x000000077e480000)
 ParOldGen       total 158208K, used 27336K [0x00000006c1c00000, 0x00000006cb680000, 0x000000076b400000)
  object space 158208K, 17% used [0x00000006c1c00000,0x00000006c36b2140,0x00000006cb680000)
 Metaspace       used 56333K, capacity 59096K, committed 59160K, reserved 1099776K
  class space    used 7514K, capacity 8205K, committed 8232K, reserved 1048576K
Event: 16.322 GC heap after
Heap after GC invocations=12 (full 3):
 PSYoungGen      total 238592K, used 0K [0x000000076b400000, 0x000000077e480000, 0x00000007c0000000)
  eden space 228352K, 0% used [0x000000076b400000,0x000000076b400000,0x0000000779300000)
  from space 10240K, 0% used [0x0000000779300000,0x0000000779300000,0x0000000779d00000)
  to   space 16896K, 0% used [0x000000077d400000,0x000000077d400000,0x000000077e480000)
 ParOldGen       total 240640K, used 35172K [0x00000006c1c00000, 0x00000006d0700000, 0x000000076b400000)
  object space 240640K, 14% used [0x00000006c1c00000,0x00000006c3e59268,0x00000006d0700000)
 Metaspace       used 56333K, capacity 59096K, committed 59160K, reserved 1099776K
  class space    used 7514K, capacity 8205K, committed 8232K, reserved 1048576K
}
Event: 21.854 GC heap before
{Heap before GC invocations=13 (full 3):
 PSYoungGen      total 238592K, used 228352K [0x000000076b400000, 0x000000077e480000, 0x00000007c0000000)
  eden space 228352K, 100% used [0x000000076b400000,0x0000000779300000,0x0000000779300000)
  from space 10240K, 0% used [0x0000000779300000,0x0000000779300000,0x0000000779d00000)
  to   space 16896K, 0% used [0x000000077d400000,0x000000077d400000,0x000000077e480000)
 ParOldGen       total 240640K, used 35172K [0x00000006c1c00000, 0x00000006d0700000, 0x000000076b400000)
  object space 240640K, 14% used [0x00000006c1c00000,0x00000006c3e59268,0x00000006d0700000)
 Metaspace       used 68549K, capacity 72458K, committed 72600K, reserved 1112064K
  class space    used 9405K, capacity 10330K, committed 10408K, reserved 1048576K
Event: 22.047 GC heap after
Heap after GC invocations=13 (full 3):
 PSYoungGen      total 292352K, used 16885K [0x000000076b400000, 0x000000077f800000, 0x00000007c0000000)
  eden space 275456K, 0% used [0x000000076b400000,0x000000076b400000,0x000000077c100000)
  from space 16896K, 99% used [0x000000077d400000,0x000000077e47d5a8,0x000000077e480000)
  to   space 19456K, 0% used [0x000000077c100000,0x000000077c100000,0x000000077d400000)
 ParOldGen       total 240640K, used 37825K [0x00000006c1c00000, 0x00000006d0700000, 0x000000076b400000)
  object space 240640K, 15% used [0x00000006c1c00000,0x00000006c40f04a0,0x00000006d0700000)
 Metaspace       used 68549K, capacity 72458K, committed 72600K, reserved 1112064K
  class space    used 9405K, capacity 10330K, committed 10408K, reserved 1048576K
}
Event: 26.857 GC heap before
{Heap before GC invocations=14 (full 3):
 PSYoungGen      total 292352K, used 292341K [0x000000076b400000, 0x000000077f800000, 0x00000007c0000000)
  eden space 275456K, 100% used [0x000000076b400000,0x000000077c100000,0x000000077c100000)
  from space 16896K, 99% used [0x000000077d400000,0x000000077e47d5a8,0x000000077e480000)
  to   space 19456K, 0% used [0x000000077c100000,0x000000077c100000,0x000000077d400000)
 ParOldGen       total 240640K, used 37825K [0x00000006c1c00000, 0x00000006d0700000, 0x000000076b400000)
  object space 240640K, 15% used [0x00000006c1c00000,0x00000006c40f04a0,0x00000006d0700000)
 Metaspace       used 73891K, capacity 78184K, committed 78232K, reserved 1116160K
  class space    used 10164K, capacity 11161K, committed 11176K, reserved 1048576K
Event: 26.978 GC heap after
Heap after GC invocations=14 (full 3):
 PSYoungGen      total 294912K, used 19444K [0x000000076b400000, 0x0000000783c80000, 0x00000007c0000000)
  eden space 275456K, 0% used [0x000000076b400000,0x000000076b400000,0x000000077c100000)
  from space 19456K, 99% used [0x000000077c100000,0x000000077d3fd0d0,0x000000077d400000)
  to   space 22016K, 0% used [0x0000000782700000,0x0000000782700000,0x0000000783c80000)
 ParOldGen       total 240640K, used 38286K [0x00000006c1c00000, 0x00000006d0700000, 0x000000076b400000)
  object space 240640K, 15% used [0x00000006c1c00000,0x00000006c4163ae0,0x00000006d0700000)
 Metaspace       used 73891K, capacity 78184K, committed 78232K, reserved 1116160K
  class space    used 10164K, capacity 11161K, committed 11176K, reserved 1048576K
}
Event: 31.532 GC heap before
{Heap before GC invocations=15 (full 3):
 PSYoungGen      total 294912K, used 294900K [0x000000076b400000, 0x0000000783c80000, 0x00000007c0000000)
  eden space 275456K, 100% used [0x000000076b400000,0x000000077c100000,0x000000077c100000)
  from space 19456K, 99% used [0x000000077c100000,0x000000077d3fd0d0,0x000000077d400000)
  to   space 22016K, 0% used [0x0000000782700000,0x0000000782700000,0x0000000783c80000)
 ParOldGen       total 240640K, used 38286K [0x00000006c1c00000, 0x00000006d0700000, 0x000000076b400000)
  object space 240640K, 15% used [0x00000006c1c00000,0x00000006c4163ae0,0x00000006d0700000)
 Metaspace       used 82174K, capacity 86982K, committed 87320K, reserved 1124352K
  class space    used 11383K, capacity 12498K, committed 12584K, reserved 1048576K
Event: 31.602 GC heap after
Heap after GC invocations=15 (full 3):
 PSYoungGen      total 374272K, used 22000K [0x000000076b400000, 0x0000000784600000, 0x00000007c0000000)
  eden space 352256K, 0% used [0x000000076b400000,0x000000076b400000,0x0000000780c00000)
  from space 22016K, 99% used [0x0000000782700000,0x0000000783c7c090,0x0000000783c80000)
  to   space 27648K, 0% used [0x0000000780c00000,0x0000000780c00000,0x0000000782700000)
 ParOldGen       total 240640K, used 45222K [0x00000006c1c00000, 0x00000006d0700000, 0x000000076b400000)
  object space 240640K, 18% used [0x00000006c1c00000,0x00000006c4829b90,0x00000006d0700000)
 Metaspace       used 82174K, capacity 86982K, committed 87320K, reserved 1124352K
  class space    used 11383K, capacity 12498K, committed 12584K, reserved 1048576K
}

Deoptimization events (10 events):
Event: 30.087 Thread 0x0000000003449800 Uncommon trap: reason=class_check action=maybe_recompile pc=0x000000000456e444 method=org.springframework.beans.factory.support.AbstractBeanFactory.isSingleton(Ljava/lang/String;)Z @ 32
Event: 30.121 Thread 0x0000000025509800 Uncommon trap: reason=unstable_if action=reinterpret pc=0x00000000037a8650 method=java.lang.AbstractStringBuilder.append(Ljava/lang/String;)Ljava/lang/AbstractStringBuilder; @ 1
Event: 30.234 Thread 0x0000000003449800 Uncommon trap: reason=unstable_if action=reinterpret pc=0x0000000003d0b6f4 method=java.util.HashMap.putVal(ILjava/lang/Object;Ljava/lang/Object;ZZ)Ljava/lang/Object; @ 162
Event: 30.239 Thread 0x0000000003449800 Uncommon trap: reason=unstable_if action=reinterpret pc=0x000000000458ef20 method=java.util.HashMap.getNode(ILjava/lang/Object;)Ljava/util/HashMap$Node; @ 84
Event: 30.242 Thread 0x0000000003449800 Uncommon trap: reason=unstable_if action=reinterpret pc=0x00000000039d8654 method=java.util.HashMap.resize()[Ljava/util/HashMap$Node; @ 206
Event: 30.244 Thread 0x0000000003449800 Uncommon trap: reason=unstable_if action=reinterpret pc=0x0000000003795a24 method=java.util.HashMap.getNode(ILjava/lang/Object;)Ljava/util/HashMap$Node; @ 84
Event: 30.315 Thread 0x0000000003449800 Uncommon trap: reason=null_check action=make_not_entrant pc=0x00000000047fb124 method=java.lang.Class.isAnnotation()Z @ 1
Event: 30.877 Thread 0x000000001f525800 Uncommon trap: reason=unstable_if action=reinterpret pc=0x00000000044904b4 method=java.lang.invoke.MethodType$ConcurrentWeakInternSet.add(Ljava/lang/Object;)Ljava/lang/Object; @ 47
Event: 31.466 Thread 0x0000000003449800 Uncommon trap: reason=unstable_if action=reinterpret pc=0x0000000004123d98 method=org.springframework.util.ConcurrentReferenceHashMap$Segment.clear()V @ 7
Event: 31.697 Thread 0x000000002550f800 Uncommon trap: reason=unstable_if action=reinterpret pc=0x00000000044061cc method=java.util.concurrent.locks.ReentrantLock$NonfairSync.lock()V @ 6

Classes redefined (0 events):
No events

Internal exceptions (10 events):
Event: 28.899 Thread 0x0000000003449800 Exception <a 'java/lang/ClassNotFoundException': org/springframework/beans/factory/FactoryBeanCustomizer> (0x00000007739633f0) thrown at [C:\re\workspace\8-2-build-windows-amd64-cygwin\jdk8u181\11358\hotspot\src\share\vm\classfile\systemDictionary.cpp, li
Event: 28.900 Thread 0x0000000003449800 Exception <a 'java/lang/ClassNotFoundException': org/springframework/context/ApplicationContextAwareCustomizer> (0x000000077399c5f0) thrown at [C:\re\workspace\8-2-build-windows-amd64-cygwin\jdk8u181\11358\hotspot\src\share\vm\classfile\systemDictionary.c
Event: 28.901 Thread 0x0000000003449800 Exception <a 'java/lang/ClassNotFoundException': org/springframework/beans/factory/AwareCustomizer> (0x00000007739cb2a0) thrown at [C:\re\workspace\8-2-build-windows-amd64-cygwin\jdk8u181\11358\hotspot\src\share\vm\classfile\systemDictionary.cpp, line 210
Event: 29.034 Thread 0x0000000003449800 Exception <a 'java/lang/ClassNotFoundException': java/lang/ObjectCustomizer> (0x0000000774363bc8) thrown at [C:\re\workspace\8-2-build-windows-amd64-cygwin\jdk8u181\11358\hotspot\src\share\vm\classfile\systemDictionary.cpp, line 210]
Event: 29.035 Thread 0x0000000003449800 Exception <a 'java/lang/ClassNotFoundException': org/springframework/kafka/listener/ConsumerPropertiesCustomizer> (0x000000077439de90) thrown at [C:\re\workspace\8-2-build-windows-amd64-cygwin\jdk8u181\11358\hotspot\src\share\vm\classfile\systemDictionary
Event: 29.037 Thread 0x0000000003449800 Exception <a 'java/lang/ClassNotFoundException': org/springframework/kafka/listener/ContainerPropertiesCustomizer> (0x00000007743f45d8) thrown at [C:\re\workspace\8-2-build-windows-amd64-cygwin\jdk8u181\11358\hotspot\src\share\vm\classfile\systemDictionar
Event: 29.987 Thread 0x000000001f525800 Implicit null exception at 0x00000000037b77d6 to 0x00000000037b7b81
Event: 30.121 Thread 0x0000000025509800 Implicit null exception at 0x00000000037a8296 to 0x00000000037a8639
Event: 31.615 Thread 0x0000000025509800 Exception <a 'java/lang/NoSuchMethodError': java.lang.Object.lambda$isEqual$3(Ljava/lang/Object;Ljava/lang/Object;)Z> (0x000000076b454838) thrown at [C:\re\workspace\8-2-build-windows-amd64-cygwin\jdk8u181\11358\hotspot\src\share\vm\interpreter\linkResolv
Event: 31.615 Thread 0x000000001f525800 Exception <a 'java/lang/NoSuchMethodError': java.lang.Object.lambda$isEqual$3(Ljava/lang/Object;Ljava/lang/Object;)Z> (0x000000076be74510) thrown at [C:\re\workspace\8-2-build-windows-amd64-cygwin\jdk8u181\11358\hotspot\src\share\vm\interpreter\linkResolv

Events (10 events):
Event: 31.703 loading class org/apache/camel/management/MBeanInfoAssembler$MBeanAttributesAndOperations
Event: 31.703 loading class org/apache/camel/management/MBeanInfoAssembler$MBeanAttributesAndOperations done
Event: 31.704 loading class javax/management/modelmbean/ModelMBeanAttributeInfo
Event: 31.704 loading class javax/management/DescriptorAccess
Event: 31.704 loading class javax/management/DescriptorAccess done
Event: 31.704 loading class javax/management/modelmbean/ModelMBeanAttributeInfo done
Event: 31.705 loading class javax/management/modelmbean/DescriptorSupport
Event: 31.718 loading class javax/management/modelmbean/DescriptorSupport done
Event: 31.718 Executing VM operation: Deoptimize
Event: 31.719 Executing VM operation: Deoptimize done


Dynamic libraries:
0x00007ff702840000 - 0x00007ff702877000 	C:\jdk1.8.0_181\bin\javaw.exe
0x00007ff8ff9f0000 - 0x00007ff8ffbd1000 	C:\Windows\SYSTEM32\ntdll.dll
0x00007ff8fd900000 - 0x00007ff8fd9b1000 	C:\Windows\System32\KERNEL32.DLL
0x00007ff8fc190000 - 0x00007ff8fc403000 	C:\Windows\System32\KERNELBASE.dll
0x00007ff8fd1e0000 - 0x00007ff8fd281000 	C:\Windows\System32\ADVAPI32.dll
0x00007ff8ff820000 - 0x00007ff8ff8be000 	C:\Windows\System32\msvcrt.dll
0x00007ff8ff7c0000 - 0x00007ff8ff81b000 	C:\Windows\System32\sechost.dll
0x00007ff8ff690000 - 0x00007ff8ff7b4000 	C:\Windows\System32\RPCRT4.dll
0x00007ff8fcfc0000 - 0x00007ff8fd150000 	C:\Windows\System32\USER32.dll
0x00007ff8fbf20000 - 0x00007ff8fbf40000 	C:\Windows\System32\win32u.dll
0x00007ff8fd150000 - 0x00007ff8fd178000 	C:\Windows\System32\GDI32.dll
0x00007ff8fbf40000 - 0x00007ff8fc0d1000 	C:\Windows\System32\gdi32full.dll
0x00007ff8fbdb0000 - 0x00007ff8fbe4f000 	C:\Windows\System32\msvcp_win.dll
0x00007ff8fc600000 - 0x00007ff8fc6f8000 	C:\Windows\System32\ucrtbase.dll
0x00007ff8e1450000 - 0x00007ff8e16b9000 	C:\Windows\WinSxS\amd64_microsoft.windows.common-controls_6595b64144ccf1df_6.0.17134.1067_none_d401a3eb7c8ebdea\COMCTL32.dll
0x00007ff8fd290000 - 0x00007ff8fd5b1000 	C:\Windows\System32\combase.dll
0x00007ff8fbe50000 - 0x00007ff8fbec9000 	C:\Windows\System32\bcryptPrimitives.dll
0x00007ff8fd9c0000 - 0x00007ff8fd9ed000 	C:\Windows\System32\IMM32.DLL
0x0000000060560000 - 0x0000000060632000 	C:\jdk1.8.0_181\jre\bin\msvcr100.dll
0x000000005fa80000 - 0x0000000060322000 	C:\jdk1.8.0_181\jre\bin\server\jvm.dll
0x00007ff8ff150000 - 0x00007ff8ff158000 	C:\Windows\System32\PSAPI.DLL
0x00007ff8d8230000 - 0x00007ff8d8239000 	C:\Windows\SYSTEM32\WSOCK32.dll
0x00007ff8f4b60000 - 0x00007ff8f4b6a000 	C:\Windows\SYSTEM32\VERSION.dll
0x00007ff8ee0e0000 - 0x00007ff8ee103000 	C:\Windows\SYSTEM32\WINMM.dll
0x00007ff8fef40000 - 0x00007ff8fefac000 	C:\Windows\System32\WS2_32.dll
0x00007ff8ee170000 - 0x00007ff8ee19a000 	C:\Windows\SYSTEM32\WINMMBASE.dll
0x00007ff8fbed0000 - 0x00007ff8fbf19000 	C:\Windows\System32\cfgmgr32.dll
0x00000000609a0000 - 0x00000000609af000 	C:\jdk1.8.0_181\jre\bin\verify.dll
0x0000000060800000 - 0x0000000060829000 	C:\jdk1.8.0_181\jre\bin\java.dll
0x00000000607e0000 - 0x00000000607f6000 	C:\jdk1.8.0_181\jre\bin\zip.dll
0x00007ff8fdaf0000 - 0x00007ff8fef34000 	C:\Windows\System32\SHELL32.dll
0x00007ff8fce70000 - 0x00007ff8fcf19000 	C:\Windows\System32\shcore.dll
0x00007ff8fc700000 - 0x00007ff8fce10000 	C:\Windows\System32\windows.storage.dll
0x00007ff8ff8c0000 - 0x00007ff8ff911000 	C:\Windows\System32\shlwapi.dll
0x00007ff8fbd90000 - 0x00007ff8fbda1000 	C:\Windows\System32\kernel.appcore.dll
0x00007ff8fbd50000 - 0x00007ff8fbd6f000 	C:\Windows\System32\profapi.dll
0x00007ff8fbcf0000 - 0x00007ff8fbd3c000 	C:\Windows\System32\powrprof.dll
0x00007ff8fbd40000 - 0x00007ff8fbd4a000 	C:\Windows\System32\FLTLIB.DLL
0x00000000607c0000 - 0x00000000607da000 	C:\jdk1.8.0_181\jre\bin\net.dll
0x00007ff8fb4c0000 - 0x00007ff8fb526000 	C:\Windows\system32\mswsock.dll
0x00000000607a0000 - 0x00000000607b1000 	C:\jdk1.8.0_181\jre\bin\nio.dll
0x0000000060990000 - 0x000000006099d000 	C:\jdk1.8.0_181\jre\bin\management.dll
0x00007ff8eb1f0000 - 0x00007ff8eb206000 	C:\Windows\system32\napinsp.dll
0x00007ff8eb210000 - 0x00007ff8eb22a000 	C:\Windows\system32\pnrpnsp.dll
0x00007ff8f3780000 - 0x00007ff8f3799000 	C:\Windows\system32\NLAapi.dll
0x00007ff8fb260000 - 0x00007ff8fb31e000 	C:\Windows\SYSTEM32\DNSAPI.dll
0x00007ff8ff680000 - 0x00007ff8ff688000 	C:\Windows\System32\NSI.dll
0x00007ff8fb220000 - 0x00007ff8fb258000 	C:\Windows\SYSTEM32\IPHLPAPI.DLL
0x00007ff8eb230000 - 0x00007ff8eb23e000 	C:\Windows\System32\winrnr.dll
0x00007ff8f4aa0000 - 0x00007ff8f4ab5000 	C:\Windows\System32\wshbth.dll
0x00007ff8f2010000 - 0x00007ff8f201a000 	C:\Windows\System32\rasadhlp.dll
0x00007ff8f9000000 - 0x00007ff8f9072000 	C:\Windows\System32\fwpuclnt.dll
0x00007ff8fb790000 - 0x00007ff8fb7b5000 	C:\Windows\SYSTEM32\bcrypt.dll
0x00007ff8fb6d0000 - 0x00007ff8fb6e7000 	C:\Windows\SYSTEM32\CRYPTSP.dll
0x00007ff8fb080000 - 0x00007ff8fb0b3000 	C:\Windows\system32\rsaenh.dll
0x00007ff8fbbf0000 - 0x00007ff8fbc18000 	C:\Windows\SYSTEM32\USERENV.dll
0x00007ff8fb620000 - 0x00007ff8fb62b000 	C:\Windows\SYSTEM32\CRYPTBASE.dll
0x00007ff8f8d80000 - 0x00007ff8f8d96000 	C:\Windows\SYSTEM32\dhcpcsvc6.DLL
0x00007ff8f8d60000 - 0x00007ff8f8d7a000 	C:\Windows\SYSTEM32\dhcpcsvc.DLL
0x0000000060cb0000 - 0x0000000060cd4000 	C:\jdk1.8.0_181\jre\bin\sunec.dll

VM Arguments:
jvm_args: -Dfile.encoding=UTF-8 
java_command: org.eclipse.jdt.internal.junit.runner.RemoteTestRunner -version 3 -port 64963 -testLoaderClass org.eclipse.jdt.internal.junit4.runner.JUnit4TestLoader -loaderpluginname org.eclipse.jdt.junit4.runtime -classNames com.example.demo.RestClientControllerTest
java_class_path (initial): D:\pfernandez\workspace\git\rnd\demo\target\test-classes;D:\pfernandez\workspace\git\rnd\demo\target\classes;C:\sts-bundle\sts-3.7.2.RELEASE\plugins\org.junit_4.12.0.v201504281640\junit.jar;C:\sts-bundle\sts-3.7.2.RELEASE\plugins\org.hamcrest.core_1.3.0.v201303031735.jar;D:\repository\org\springframework\boot\spring-boot-starter-data-elasticsearch\2.2.0.RELEASE\spring-boot-starter-data-elasticsearch-2.2.0.RELEASE.jar;D:\repository\org\springframework\boot\spring-boot-starter\2.2.0.RELEASE\spring-boot-starter-2.2.0.RELEASE.jar;D:\repository\org\springframework\boot\spring-boot-starter-logging\2.2.0.RELEASE\spring-boot-starter-logging-2.2.0.RELEASE.jar;D:\repository\ch\qos\logback\logback-classic\1.2.3\logback-classic-1.2.3.jar;D:\repository\ch\qos\logback\logback-core\1.2.3\logback-core-1.2.3.jar;D:\repository\org\apache\logging\log4j\log4j-to-slf4j\2.12.1\log4j-to-slf4j-2.12.1.jar;D:\repository\org\apache\logging\log4j\log4j-api\2.12.1\log4j-api-2.12.1.jar;D:\repository\org\slf4j\jul-to-slf4j\1.7.28\jul-to-slf4j-1.7.28.jar;D:\repository\jakarta\annotation\jakarta.annotation-api\1.3.5\jakarta.annotation-api-1.3.5.jar;D:\repository\org\yaml\snakeyaml\1.25\snakeyaml-1.25.jar;D:\repository\org\springframework\data\spring-data-elasticsearch\3.2.0.RELEASE\spring-data-elasticsearch-3.2.0.RELEASE.jar;D:\repository\org\springframework\data\spring-data-commons\2.2.0.RELEASE\spring-data-commons-2.2.0.RELEASE.jar;D:\repository\joda-time\joda-time\2.10.4\joda-time-2.10.4.jar;D:\repository\org\elasticsearch\client\transport\6.8.3\transport-6.8.3.jar;D:\repository\org\elasticsearch\elasticsearch\6.8.3\elasticsearch-6.8.3.jar;D:\repository\org\elasticsearch\elasticsearch-core\6.8.3\elasticsearch-core-6.8.3.jar;D:\repository\org\elasticsearch\elasticsearch-secure-sm\6.8.3\elasticsearch-secure-sm-6.8.3.jar;D:\repository\org\elasticsearch\elasticsearch-x-content\6.8.3\elasticsearch-x-content-6.8.3.jar;D:\repository\com\fasterxml\jackson\dataformat\jackson-
Launcher Type: SUN_STANDARD

Environment Variables:
JAVA_HOME=C:\jdk1.8.0_181
CLASSPATH=.;C:\PROGRA~1\IBM\SQLLIB\java\db2java.zip;C:\PROGRA~1\IBM\SQLLIB\java\db2jcc.jar;C:\PROGRA~1\IBM\SQLLIB\java\sqlj.zip;C:\PROGRA~1\IBM\SQLLIB\java\db2jcc_license_cu.jar;C:\PROGRA~1\IBM\SQLLIB\bin;C:\PROGRA~1\IBM\SQLLIB\java\common.jar
PATH=C:\ProgramData\DockerDesktop\version-bin;C:\Program Files\Docker\Docker\Resources\bin;C:\Program Files (x86)\Common Files\Oracle\Java\javapath;C:\Program Files (x86)\RSA SecurID Token Common;C:\Program Files\RSA SecurID Token Common;C:\Windows\system32;C:\Windows;C:\Windows\System32\Wbem;C:\Windows\System32\WindowsPowerShell\v1.0\;C:\Windows\System32\OpenSSH\;C:\Windows\CCM;C:\Program Files (x86)\Common Files\EMC\;C:\PROGRA~1\IBM\SQLLIB\BIN;C:\PROGRA~1\IBM\SQLLIB\FUNCTION;C:\PROGRA~1\IBM\SQLLIB\SAMPLES\REPL;C:\Program Files (x86)\Microsoft SQL Server\Client SDK\ODBC\110\Tools\Binn\;C:\Program Files (x86)\Microsoft SQL Server\120\Tools\Binn\ManagementStudio\;C:\Program Files (x86)\Microsoft SQL Server\120\Tools\Binn\;C:\Program Files (x86)\Microsoft SQL Server\120\DTS\Binn\;C:\PostgreSQL\pg10\bin;C:\spark-2.4.0-bin-hadoop2.7\bin;C:\git\cmd;C:\maven-3.3.9\bin;C:\Gpg4win\..\GnuPG\bin;C:\Users\pfernandez\Downloads;C:\TortoiseSVN\bin;C:\nodejs;C:\jdk1.8.0_181\bin;C:\redis;C:\Users\pfernandez\AppData\Local\Microsof;C:\ProgramData\chocolatey\bin;C:\Amazon\AWSCLI\bin\;C:\Program Files\Intel\WiFi\bin\;C:\Program Files\Common Files\Intel\WirelessCommon\;"C:\Users\pfernandez\AppData\Local\Microsoft\WindowsApps;";;C:\Users\pfernandez\AppData\Local\Programs\Microsoft VS Code\bin
USERNAME=pfernandez
OS=Windows_NT
PROCESSOR_IDENTIFIER=Intel64 Family 6 Model 78 Stepping 3, GenuineIntel



---------------  S Y S T E M  ---------------

OS: Windows 10.0 , 64 bit Build 17134 (10.0.17134.753)

CPU:total 4 (initial active 4) (2 cores per cpu, 2 threads per core) family 6 model 78 stepping 3, cmov, cx8, fxsr, mmx, sse, sse2, sse3, ssse3, sse4.1, sse4.2, popcnt, avx, avx2, aes, clmul, erms, 3dnowpref, lzcnt, ht, tsc, tscinvbit, bmi1, bmi2, adx

Memory: 4k page, physical 16654928k(1168508k free), swap 47831756k(5124k free)

vm_info: Java HotSpot(TM) 64-Bit Server VM (25.181-b13) for windows-amd64 JRE (1.8.0_181-b13), built on Jul  7 2018 04:01:33 by "java_re" with MS VC++ 10.0 (VS2010)

time: Sun Nov 17 18:44:31 2019
elapsed time: 31 seconds (0d 0h 0m 31s)

