#
# There is insufficient memory for the Java Runtime Environment to continue.
# Native memory allocation (malloc) failed to allocate 1476960 bytes for Chunk::new
# Possible reasons:
#   The system is out of physical RAM or swap space
#   In 32 bit mode, the process size limit was hit
# Possible solutions:
#   Reduce memory load on the system
#   Increase physical memory or swap space
#   Check if swap backing store is full
#   Use 64 bit Java on a 64 bit OS
#   Decrease Java heap size (-Xmx/-Xms)
#   Decrease number of Java threads
#   Decrease Java thread stack sizes (-Xss)
#   Set larger code cache with -XX:ReservedCodeCacheSize=
# This output file may be truncated or incomplete.
#
#  Out of Memory Error (allocation.cpp:390), pid=5644, tid=0x0000000000001728
#
# JRE version: Java(TM) SE Runtime Environment (8.0_181-b13) (build 1.8.0_181-b13)
# Java VM: Java HotSpot(TM) 64-Bit Server VM (25.181-b13 mixed mode windows-amd64 compressed oops)
# Failed to write core dump. Minidumps are not enabled by default on client versions of Windows
#

---------------  T H R E A D  ---------------

Current thread (0x000000001c05f000):  JavaThread "C2 CompilerThread0" daemon [_thread_in_native, id=5928, stack(0x000000001d690000,0x000000001d790000)]

Stack: [0x000000001d690000,0x000000001d790000]
[error occurred during error reporting (printing stack bounds), id 0xc0000005]

Native frames: (J=compiled Java code, j=interpreted, Vv=VM code, C=native code)


Current CompileTask:
C2:  30182 6026       4       org.springframework.core.annotation.AnnotationsScanner::processMethodHierarchy (274 bytes)


---------------  P R O C E S S  ---------------

Java Threads: ( => current thread )
  0x000000001edd0000 JavaThread "kafka-coordinator-heartbeat-thread | group_json" daemon [_thread_blocked, id=32124, stack(0x0000000034210000,0x0000000034310000)]
  0x000000001edce800 JavaThread "org.springframework.kafka.KafkaListenerEndpointContainer#1-0-C-1" [_thread_in_native, id=24632, stack(0x0000000034110000,0x0000000034210000)]
  0x000000001edd1800 JavaThread "ThreadPoolTaskScheduler-1" [_thread_blocked, id=16548, stack(0x0000000034010000,0x0000000034110000)]
  0x000000001edcd800 JavaThread "kafka-coordinator-heartbeat-thread | group_id" daemon [_thread_blocked, id=33420, stack(0x0000000033f10000,0x0000000034010000)]
  0x000000001edc6000 JavaThread "org.springframework.kafka.KafkaListenerEndpointContainer#0-0-C-1" [_thread_in_native, id=34536, stack(0x0000000033d10000,0x0000000033e10000)]
  0x000000001edcd000 JavaThread "ThreadPoolTaskScheduler-1" [_thread_blocked, id=27792, stack(0x0000000033c10000,0x0000000033d10000)]
  0x000000001edcc000 JavaThread "elasticsearch[_client_][generic][T#4]" daemon [_thread_blocked, id=30732, stack(0x0000000031730000,0x0000000031830000)]
  0x000000001edca800 JavaThread "elasticsearch[_client_][generic][T#3]" daemon [_thread_blocked, id=31624, stack(0x0000000031170000,0x0000000031270000)]
  0x000000001edca000 JavaThread "elasticsearch[_client_][management][T#2]" daemon [_thread_blocked, id=34776, stack(0x0000000030060000,0x0000000030160000)]
  0x000000001edc5800 JavaThread "elasticsearch[_client_][generic][T#2]" daemon [_thread_blocked, id=15144, stack(0x000000002ff60000,0x0000000030060000)]
  0x000000001edc2800 JavaThread "I/O dispatcher 4" [_thread_in_native, id=28596, stack(0x000000002fe60000,0x000000002ff60000)]
  0x000000001edc4800 JavaThread "I/O dispatcher 3" [_thread_in_native, id=30356, stack(0x000000002fd60000,0x000000002fe60000)]
  0x000000001edc9000 JavaThread "I/O dispatcher 2" [_thread_in_native, id=15956, stack(0x000000002ec60000,0x000000002ed60000)]
  0x000000001edc8800 JavaThread "I/O dispatcher 1" [_thread_in_native, id=34656, stack(0x000000002e3e0000,0x000000002e4e0000)]
  0x000000001edc4000 JavaThread "pool-1-thread-1" [_thread_in_native, id=19492, stack(0x000000002c260000,0x000000002c360000)]
  0x000000001edc7000 JavaThread "elasticsearch[_client_][transport_worker][T#8]" daemon [_thread_in_native, id=33736, stack(0x0000000028f30000,0x0000000029030000)]
  0x000000002019c000 JavaThread "elasticsearch[_client_][transport_worker][T#7]" daemon [_thread_in_native, id=30608, stack(0x0000000028e30000,0x0000000028f30000)]
  0x000000002019a800 JavaThread "elasticsearch[_client_][transport_worker][T#6]" daemon [_thread_in_native, id=4012, stack(0x0000000028d30000,0x0000000028e30000)]
  0x0000000020197000 JavaThread "elasticsearch[_client_][transport_worker][T#5]" daemon [_thread_in_native, id=25720, stack(0x0000000028c30000,0x0000000028d30000)]
  0x000000002019a000 JavaThread "elasticsearch[_client_][transport_worker][T#4]" daemon [_thread_in_native, id=34260, stack(0x0000000028b30000,0x0000000028c30000)]
  0x0000000020199000 JavaThread "elasticsearch[_client_][transport_worker][T#3]" daemon [_thread_in_native, id=18940, stack(0x0000000028a30000,0x0000000028b30000)]
  0x000000002019b800 JavaThread "elasticsearch[_client_][transport_worker][T#2]" daemon [_thread_in_native, id=33880, stack(0x0000000028930000,0x0000000028a30000)]
  0x0000000020198800 JavaThread "elasticsearch[_client_][generic][T#1]" daemon [_thread_blocked, id=16064, stack(0x0000000028830000,0x0000000028930000)]
  0x000000001e5d4000 JavaThread "elasticsearch[_client_][transport_worker][T#1]" daemon [_thread_in_native, id=30096, stack(0x0000000027420000,0x0000000027520000)]
  0x000000001f099800 JavaThread "elasticsearch[_client_][management][T#1]" daemon [_thread_blocked, id=31720, stack(0x0000000027320000,0x0000000027420000)]
  0x0000000022076000 JavaThread "elasticsearch[_client_][scheduler][T#1]" daemon [_thread_blocked, id=28192, stack(0x0000000026590000,0x0000000026690000)]
  0x0000000022801800 JavaThread "elasticsearch[_client_][[timer]]" daemon [_thread_blocked, id=380, stack(0x0000000026290000,0x0000000026390000)]
  0x0000000023191800 JavaThread "container-0" [_thread_blocked, id=28028, stack(0x0000000025b90000,0x0000000025c90000)]
  0x000000001f146000 JavaThread "Catalina-utility-2" [_thread_blocked, id=34056, stack(0x0000000025a90000,0x0000000025b90000)]
  0x000000001f145800 JavaThread "Catalina-utility-1" [_thread_blocked, id=23016, stack(0x0000000025990000,0x0000000025a90000)]
  0x000000001e788800 JavaThread "ReaderThread" [_thread_in_native, id=22836, stack(0x000000001f760000,0x000000001f860000)]
  0x000000001d7a9000 JavaThread "Service Thread" daemon [_thread_blocked, id=24132, stack(0x000000001dd90000,0x000000001de90000)]
  0x000000001d79d000 JavaThread "C1 CompilerThread2" daemon [_thread_blocked, id=22440, stack(0x000000001dc90000,0x000000001dd90000)]
  0x000000001d79a000 JavaThread "C2 CompilerThread1" daemon [_thread_in_native, id=29576, stack(0x000000001db90000,0x000000001dc90000)]
=>0x000000001c05f000 JavaThread "C2 CompilerThread0" daemon [_thread_in_native, id=5928, stack(0x000000001d690000,0x000000001d790000)]
  0x000000001c05e000 JavaThread "Attach Listener" daemon [_thread_blocked, id=20764, stack(0x000000001d590000,0x000000001d690000)]
  0x000000001c05c800 JavaThread "Signal Dispatcher" daemon [_thread_blocked, id=17092, stack(0x000000001d490000,0x000000001d590000)]
  0x0000000002a7e800 JavaThread "Finalizer" daemon [_thread_blocked, id=16200, stack(0x000000001d2a0000,0x000000001d3a0000)]
  0x000000001c019000 JavaThread "Reference Handler" daemon [_thread_blocked, id=31312, stack(0x000000001d1a0000,0x000000001d2a0000)]
  0x0000000002989800 JavaThread "main" [_thread_in_Java, id=23352, stack(0x0000000002880000,0x0000000002980000)]

Other Threads:
  0x000000001c018000 VMThread [stack: 0x000000001d0a0000,0x000000001d1a0000] [id=26300]
  0x000000001d7ff000 WatcherThread [stack: 0x000000001de90000,0x000000001df90000] [id=34240]

VM state:not at safepoint (normal execution)

VM Mutex/Monitor currently owned by a thread: None

Heap:
 PSYoungGen      total 294912K, used 270779K [0x000000076b400000, 0x0000000782380000, 0x00000007c0000000)
  eden space 274944K, 91% used [0x000000076b400000,0x000000077a904fa0,0x000000077c080000)
  from space 19968K, 99% used [0x000000077c080000,0x000000077d3e9df0,0x000000077d400000)
  to   space 22016K, 0% used [0x0000000780e00000,0x0000000780e00000,0x0000000782380000)
 ParOldGen       total 244736K, used 38045K [0x00000006c1c00000, 0x00000006d0b00000, 0x000000076b400000)
  object space 244736K, 15% used [0x00000006c1c00000,0x00000006c4127780,0x00000006d0b00000)
 Metaspace       used 80733K, capacity 85440K, committed 85656K, reserved 1122304K
  class space    used 11052K, capacity 12131K, committed 12200K, reserved 1048576K

Card table byte_map: [0x0000000011e40000,0x0000000012640000] byte_map_base: 0x000000000e832000

Marking Bits: (ParMarkBitMap*) 0x00000000602a2d00
 Begin Bits: [0x0000000012f90000, 0x0000000016f20000)
 End Bits:   [0x0000000016f20000, 0x000000001aeb0000)

Polling page: 0x00000000009c0000

CodeCache: size=245760Kb used=19812Kb max_used=20227Kb free=225947Kb
 bounds [0x0000000002a80000, 0x0000000003e50000, 0x0000000011a80000]
 total_blobs=6216 nmethods=5515 adapters=612
 compilation: enabled

Compilation events (10 events):
Event: 30.156 Thread 0x000000001d79d000 6559       2       com.google.common.base.Absent::or (7 bytes)
Event: 30.156 Thread 0x000000001d79d000 nmethod 6559 0x00000000037c8d10 code [0x00000000037c8e80, 0x00000000037c9088]
Event: 30.158 Thread 0x000000001d79d000 6560       2       org.springframework.plugin.metadata.SimplePluginMetadata::equals (65 bytes)
Event: 30.159 Thread 0x000000001d79d000 nmethod 6560 0x00000000037c86d0 code [0x00000000037c8860, 0x00000000037c8b98]
Event: 30.159 Thread 0x000000001d79d000 6561       2       com.google.common.collect.ImmutableList::<init> (5 bytes)
Event: 30.159 Thread 0x000000001d79d000 nmethod 6561 0x00000000037c8390 code [0x00000000037c84e0, 0x00000000037c8630]
Event: 30.160 Thread 0x000000001d79d000 6562       2       springfox.documentation.schema.TypeNameExtractor::typeName (28 bytes)
Event: 30.160 Thread 0x000000001d79d000 nmethod 6562 0x00000000037c7d90 code [0x00000000037c7f20, 0x00000000037c81b8]
Event: 30.160 Thread 0x000000001d79d000 6563       2       springfox.documentation.schema.TypeNameExtractor::asResolved (13 bytes)
Event: 30.161 Thread 0x000000001d79d000 nmethod 6563 0x00000000037c7910 code [0x00000000037c7a80, 0x00000000037c7c88]

GC Heap History (10 events):
Event: 9.908 GC heap before
{Heap before GC invocations=10 (full 2):
 PSYoungGen      total 161792K, used 151040K [0x000000076b400000, 0x000000077ab00000, 0x00000007c0000000)
  eden space 151040K, 100% used [0x000000076b400000,0x0000000774780000,0x0000000774780000)
  from space 10752K, 0% used [0x0000000774780000,0x0000000774780000,0x0000000775200000)
  to   space 10240K, 0% used [0x000000077a100000,0x000000077a100000,0x000000077ab00000)
 ParOldGen       total 160256K, used 13060K [0x00000006c1c00000, 0x00000006cb880000, 0x000000076b400000)
  object space 160256K, 8% used [0x00000006c1c00000,0x00000006c28c1378,0x00000006cb880000)
 Metaspace       used 40155K, capacity 41976K, committed 42280K, reserved 1085440K
  class space    used 5283K, capacity 5609K, committed 5672K, reserved 1048576K
Event: 9.921 GC heap after
Heap after GC invocations=10 (full 2):
 PSYoungGen      total 229888K, used 8521K [0x000000076b400000, 0x000000077a980000, 0x00000007c0000000)
  eden space 221184K, 0% used [0x000000076b400000,0x000000076b400000,0x0000000778c00000)
  from space 8704K, 97% used [0x000000077a100000,0x000000077a9525a8,0x000000077a980000)
  to   space 10240K, 0% used [0x0000000779580000,0x0000000779580000,0x0000000779f80000)
 ParOldGen       total 160256K, used 13068K [0x00000006c1c00000, 0x00000006cb880000, 0x000000076b400000)
  object space 160256K, 8% used [0x00000006c1c00000,0x00000006c28c3378,0x00000006cb880000)
 Metaspace       used 40155K, capacity 41976K, committed 42280K, reserved 1085440K
  class space    used 5283K, capacity 5609K, committed 5672K, reserved 1048576K
}
Event: 16.030 GC heap before
{Heap before GC invocations=11 (full 2):
 PSYoungGen      total 229888K, used 199477K [0x000000076b400000, 0x000000077a980000, 0x00000007c0000000)
  eden space 221184K, 86% used [0x000000076b400000,0x0000000776e7b1f8,0x0000000778c00000)
  from space 8704K, 97% used [0x000000077a100000,0x000000077a9525a8,0x000000077a980000)
  to   space 10240K, 0% used [0x0000000779580000,0x0000000779580000,0x0000000779f80000)
 ParOldGen       total 160256K, used 13068K [0x00000006c1c00000, 0x00000006cb880000, 0x000000076b400000)
  object space 160256K, 8% used [0x00000006c1c00000,0x00000006c28c3378,0x00000006cb880000)
 Metaspace       used 56337K, capacity 59092K, committed 59160K, reserved 1099776K
  class space    used 7514K, capacity 8203K, committed 8232K, reserved 1048576K
Event: 16.063 GC heap after
Heap after GC invocations=11 (full 2):
 PSYoungGen      total 241152K, used 10234K [0x000000076b400000, 0x000000077e480000, 0x00000007c0000000)
  eden space 230912K, 0% used [0x000000076b400000,0x000000076b400000,0x0000000779580000)
  from space 10240K, 99% used [0x0000000779580000,0x0000000779f7eb20,0x0000000779f80000)
  to   space 16896K, 0% used [0x000000077d400000,0x000000077d400000,0x000000077e480000)
 ParOldGen       total 160256K, used 27287K [0x00000006c1c00000, 0x00000006cb880000, 0x000000076b400000)
  object space 160256K, 17% used [0x00000006c1c00000,0x00000006c36a5d68,0x00000006cb880000)
 Metaspace       used 56337K, capacity 59092K, committed 59160K, reserved 1099776K
  class space    used 7514K, capacity 8203K, committed 8232K, reserved 1048576K
}
Event: 16.063 GC heap before
{Heap before GC invocations=12 (full 3):
 PSYoungGen      total 241152K, used 10234K [0x000000076b400000, 0x000000077e480000, 0x00000007c0000000)
  eden space 230912K, 0% used [0x000000076b400000,0x000000076b400000,0x0000000779580000)
  from space 10240K, 99% used [0x0000000779580000,0x0000000779f7eb20,0x0000000779f80000)
  to   space 16896K, 0% used [0x000000077d400000,0x000000077d400000,0x000000077e480000)
 ParOldGen       total 160256K, used 27287K [0x00000006c1c00000, 0x00000006cb880000, 0x000000076b400000)
  object space 160256K, 17% used [0x00000006c1c00000,0x00000006c36a5d68,0x00000006cb880000)
 Metaspace       used 56337K, capacity 59092K, committed 59160K, reserved 1099776K
  class space    used 7514K, capacity 8203K, committed 8232K, reserved 1048576K
Event: 16.338 GC heap after
Heap after GC invocations=12 (full 3):
 PSYoungGen      total 241152K, used 0K [0x000000076b400000, 0x000000077e480000, 0x00000007c0000000)
  eden space 230912K, 0% used [0x000000076b400000,0x000000076b400000,0x0000000779580000)
  from space 10240K, 0% used [0x0000000779580000,0x0000000779580000,0x0000000779f80000)
  to   space 16896K, 0% used [0x000000077d400000,0x000000077d400000,0x000000077e480000)
 ParOldGen       total 244736K, used 35147K [0x00000006c1c00000, 0x00000006d0b00000, 0x000000076b400000)
  object space 244736K, 14% used [0x00000006c1c00000,0x00000006c3e52c48,0x00000006d0b00000)
 Metaspace       used 56337K, capacity 59092K, committed 59160K, reserved 1099776K
  class space    used 7514K, capacity 8203K, committed 8232K, reserved 1048576K
}
Event: 21.450 GC heap before
{Heap before GC invocations=13 (full 3):
 PSYoungGen      total 241152K, used 230912K [0x000000076b400000, 0x000000077e480000, 0x00000007c0000000)
  eden space 230912K, 100% used [0x000000076b400000,0x0000000779580000,0x0000000779580000)
  from space 10240K, 0% used [0x0000000779580000,0x0000000779580000,0x0000000779f80000)
  to   space 16896K, 0% used [0x000000077d400000,0x000000077d400000,0x000000077e480000)
 ParOldGen       total 244736K, used 35147K [0x00000006c1c00000, 0x00000006d0b00000, 0x000000076b400000)
  object space 244736K, 14% used [0x00000006c1c00000,0x00000006c3e52c48,0x00000006d0b00000)
 Metaspace       used 68562K, capacity 72490K, committed 72600K, reserved 1112064K
  class space    used 9393K, capacity 10298K, committed 10408K, reserved 1048576K
Event: 21.485 GC heap after
Heap after GC invocations=13 (full 3):
 PSYoungGen      total 291840K, used 16876K [0x000000076b400000, 0x000000077e980000, 0x00000007c0000000)
  eden space 274944K, 0% used [0x000000076b400000,0x000000076b400000,0x000000077c080000)
  from space 16896K, 99% used [0x000000077d400000,0x000000077e47b028,0x000000077e480000)
  to   space 19968K, 0% used [0x000000077c080000,0x000000077c080000,0x000000077d400000)
 ParOldGen       total 244736K, used 38037K [0x00000006c1c00000, 0x00000006d0b00000, 0x000000076b400000)
  object space 244736K, 15% used [0x00000006c1c00000,0x00000006c4125780,0x00000006d0b00000)
 Metaspace       used 68562K, capacity 72490K, committed 72600K, reserved 1112064K
  class space    used 9393K, capacity 10298K, committed 10408K, reserved 1048576K
}
Event: 24.426 GC heap before
{Heap before GC invocations=14 (full 3):
 PSYoungGen      total 291840K, used 291820K [0x000000076b400000, 0x000000077e980000, 0x00000007c0000000)
  eden space 274944K, 100% used [0x000000076b400000,0x000000077c080000,0x000000077c080000)
  from space 16896K, 99% used [0x000000077d400000,0x000000077e47b028,0x000000077e480000)
  to   space 19968K, 0% used [0x000000077c080000,0x000000077c080000,0x000000077d400000)
 ParOldGen       total 244736K, used 38037K [0x00000006c1c00000, 0x00000006d0b00000, 0x000000076b400000)
  object space 244736K, 15% used [0x00000006c1c00000,0x00000006c4125780,0x00000006d0b00000)
 Metaspace       used 73871K, capacity 78190K, committed 78232K, reserved 1116160K
  class space    used 10162K, capacity 11162K, committed 11176K, reserved 1048576K
Event: 24.464 GC heap after
Heap after GC invocations=14 (full 3):
 PSYoungGen      total 294912K, used 19879K [0x000000076b400000, 0x0000000782380000, 0x00000007c0000000)
  eden space 274944K, 0% used [0x000000076b400000,0x000000076b400000,0x000000077c080000)
  from space 19968K, 99% used [0x000000077c080000,0x000000077d3e9df0,0x000000077d400000)
  to   space 22016K, 0% used [0x0000000780e00000,0x0000000780e00000,0x0000000782380000)
 ParOldGen       total 244736K, used 38045K [0x00000006c1c00000, 0x00000006d0b00000, 0x000000076b400000)
  object space 244736K, 15% used [0x00000006c1c00000,0x00000006c4127780,0x00000006d0b00000)
 Metaspace       used 73871K, capacity 78190K, committed 78232K, reserved 1116160K
  class space    used 10162K, capacity 11162K, committed 11176K, reserved 1048576K
}

Deoptimization events (10 events):
Event: 28.714 Thread 0x000000001edcd000 Uncommon trap: reason=unstable_if action=reinterpret pc=0x000000000313605c method=java.lang.CharacterDataLatin1.digit(II)I @ 82
Event: 29.007 Thread 0x000000001edc6000 Uncommon trap: reason=unstable_if action=reinterpret pc=0x0000000002d02cd8 method=java.lang.AbstractStringBuilder.append(Ljava/lang/String;)Ljava/lang/AbstractStringBuilder; @ 1
Event: 29.007 Thread 0x000000001edc6000 Uncommon trap: reason=unstable_if action=reinterpret pc=0x0000000003115e14 method=java.lang.CharacterDataLatin1.digit(II)I @ 82
Event: 29.110 Thread 0x000000001edce800 Uncommon trap: reason=unstable_if action=reinterpret pc=0x0000000002cf3d90 method=java.lang.AbstractStringBuilder.append(Ljava/lang/String;)Ljava/lang/AbstractStringBuilder; @ 1
Event: 29.227 Thread 0x0000000002989800 Uncommon trap: reason=unstable_if action=reinterpret pc=0x0000000002fdf224 method=java.util.HashMap.putVal(ILjava/lang/Object;Ljava/lang/Object;ZZ)Ljava/lang/Object; @ 162
Event: 29.231 Thread 0x0000000002989800 Uncommon trap: reason=unstable_if action=reinterpret pc=0x0000000002e57b20 method=java.util.HashMap.getNode(ILjava/lang/Object;)Ljava/util/HashMap$Node; @ 84
Event: 29.231 Thread 0x0000000002989800 Uncommon trap: reason=unstable_if action=reinterpret pc=0x0000000002fe0aa4 method=java.util.HashMap.putVal(ILjava/lang/Object;Ljava/lang/Object;ZZ)Ljava/lang/Object; @ 109
Event: 29.234 Thread 0x0000000002989800 Uncommon trap: reason=unstable_if action=reinterpret pc=0x0000000002f1f1d4 method=java.util.HashMap.resize()[Ljava/util/HashMap$Node; @ 206
Event: 29.235 Thread 0x0000000002989800 Uncommon trap: reason=unstable_if action=reinterpret pc=0x0000000002ce2ca4 method=java.util.HashMap.getNode(ILjava/lang/Object;)Ljava/util/HashMap$Node; @ 84
Event: 29.321 Thread 0x0000000002989800 Uncommon trap: reason=null_check action=make_not_entrant pc=0x0000000002c522e4 method=java.lang.Class.isAnnotation()Z @ 1

Classes redefined (0 events):
No events

Internal exceptions (10 events):
Event: 27.554 Thread 0x0000000002989800 Exception <a 'java/lang/ClassNotFoundException': java/lang/ObjectCustomizer> (0x0000000773952180) thrown at [C:\re\workspace\8-2-build-windows-amd64-cygwin\jdk8u181\11358\hotspot\src\share\vm\classfile\systemDictionary.cpp, line 210]
Event: 27.555 Thread 0x0000000002989800 Exception <a 'java/lang/ClassNotFoundException': org/springframework/boot/test/web/client/TestRestTemplateContextCustomizer$TestRestTemplateFactoryCustomizer> (0x00000007739a74c8) thrown at [C:\re\workspace\8-2-build-windows-amd64-cygwin\jdk8u181\11358\ho
Event: 27.557 Thread 0x0000000002989800 Exception <a 'java/lang/ClassNotFoundException': org/springframework/beans/factory/FactoryBeanCustomizer> (0x00000007739e4980) thrown at [C:\re\workspace\8-2-build-windows-amd64-cygwin\jdk8u181\11358\hotspot\src\share\vm\classfile\systemDictionary.cpp, li
Event: 27.558 Thread 0x0000000002989800 Exception <a 'java/lang/ClassNotFoundException': org/springframework/context/ApplicationContextAwareCustomizer> (0x0000000773a1dbe8) thrown at [C:\re\workspace\8-2-build-windows-amd64-cygwin\jdk8u181\11358\hotspot\src\share\vm\classfile\systemDictionary.c
Event: 27.560 Thread 0x0000000002989800 Exception <a 'java/lang/ClassNotFoundException': org/springframework/beans/factory/AwareCustomizer> (0x0000000773a4c898) thrown at [C:\re\workspace\8-2-build-windows-amd64-cygwin\jdk8u181\11358\hotspot\src\share\vm\classfile\systemDictionary.cpp, line 210
Event: 27.687 Thread 0x0000000002989800 Exception <a 'java/lang/ClassNotFoundException': java/lang/ObjectCustomizer> (0x00000007743e7ee0) thrown at [C:\re\workspace\8-2-build-windows-amd64-cygwin\jdk8u181\11358\hotspot\src\share\vm\classfile\systemDictionary.cpp, line 210]
Event: 27.689 Thread 0x0000000002989800 Exception <a 'java/lang/ClassNotFoundException': org/springframework/kafka/listener/ConsumerPropertiesCustomizer> (0x00000007744221a8) thrown at [C:\re\workspace\8-2-build-windows-amd64-cygwin\jdk8u181\11358\hotspot\src\share\vm\classfile\systemDictionary
Event: 27.691 Thread 0x0000000002989800 Exception <a 'java/lang/ClassNotFoundException': org/springframework/kafka/listener/ContainerPropertiesCustomizer> (0x0000000774478998) thrown at [C:\re\workspace\8-2-build-windows-amd64-cygwin\jdk8u181\11358\hotspot\src\share\vm\classfile\systemDictionar
Event: 29.007 Thread 0x000000001edc6000 Implicit null exception at 0x0000000002d02916 to 0x0000000002d02cc1
Event: 29.110 Thread 0x000000001edce800 Implicit null exception at 0x0000000002cf39d6 to 0x0000000002cf3d79

Events (10 events):
Event: 29.714 loading class springfox/documentation/service/Tags$2
Event: 29.714 loading class springfox/documentation/service/Tags$2 done
Event: 29.714 loading class springfox/documentation/service/Tags$4
Event: 29.714 loading class springfox/documentation/service/Tags$4 done
Event: 29.732 loading class com/fasterxml/jackson/databind/introspect/AnnotationCollector$OneAnnotation
Event: 29.732 loading class com/fasterxml/jackson/databind/introspect/AnnotationCollector$OneAnnotation done
Event: 29.809 loading class com/fasterxml/jackson/databind/type/TypeBindings$TypeParamStash
Event: 29.809 loading class com/fasterxml/jackson/databind/type/TypeBindings$TypeParamStash done
Event: 29.810 loading class com/fasterxml/jackson/databind/type/TypeBindings$AsKey
Event: 29.810 loading class com/fasterxml/jackson/databind/type/TypeBindings$AsKey done


Dynamic libraries:
0x00007ff702840000 - 0x00007ff702877000 	C:\jdk1.8.0_181\bin\javaw.exe
0x00007ff8ff9f0000 - 0x00007ff8ffbd1000 	C:\Windows\SYSTEM32\ntdll.dll
0x00007ff8fd900000 - 0x00007ff8fd9b1000 	C:\Windows\System32\KERNEL32.DLL
0x00007ff8fc190000 - 0x00007ff8fc403000 	C:\Windows\System32\KERNELBASE.dll
0x00007ff8fd1e0000 - 0x00007ff8fd281000 	C:\Windows\System32\ADVAPI32.dll
0x00007ff8ff820000 - 0x00007ff8ff8be000 	C:\Windows\System32\msvcrt.dll
0x00007ff8ff7c0000 - 0x00007ff8ff81b000 	C:\Windows\System32\sechost.dll
0x00007ff8ff690000 - 0x00007ff8ff7b4000 	C:\Windows\System32\RPCRT4.dll
0x00007ff8fcfc0000 - 0x00007ff8fd150000 	C:\Windows\System32\USER32.dll
0x00007ff8fbf20000 - 0x00007ff8fbf40000 	C:\Windows\System32\win32u.dll
0x00007ff8fd150000 - 0x00007ff8fd178000 	C:\Windows\System32\GDI32.dll
0x00007ff8fbf40000 - 0x00007ff8fc0d1000 	C:\Windows\System32\gdi32full.dll
0x00007ff8fbdb0000 - 0x00007ff8fbe4f000 	C:\Windows\System32\msvcp_win.dll
0x00007ff8fc600000 - 0x00007ff8fc6f8000 	C:\Windows\System32\ucrtbase.dll
0x00007ff8e1450000 - 0x00007ff8e16b9000 	C:\Windows\WinSxS\amd64_microsoft.windows.common-controls_6595b64144ccf1df_6.0.17134.1067_none_d401a3eb7c8ebdea\COMCTL32.dll
0x00007ff8fd290000 - 0x00007ff8fd5b1000 	C:\Windows\System32\combase.dll
0x00007ff8fbe50000 - 0x00007ff8fbec9000 	C:\Windows\System32\bcryptPrimitives.dll
0x00007ff8fd9c0000 - 0x00007ff8fd9ed000 	C:\Windows\System32\IMM32.DLL
0x0000000060560000 - 0x0000000060632000 	C:\jdk1.8.0_181\jre\bin\msvcr100.dll
0x000000005fa80000 - 0x0000000060322000 	C:\jdk1.8.0_181\jre\bin\server\jvm.dll
0x00007ff8ff150000 - 0x00007ff8ff158000 	C:\Windows\System32\PSAPI.DLL
0x00007ff8d8230000 - 0x00007ff8d8239000 	C:\Windows\SYSTEM32\WSOCK32.dll
0x00007ff8fef40000 - 0x00007ff8fefac000 	C:\Windows\System32\WS2_32.dll
0x00007ff8ee0e0000 - 0x00007ff8ee103000 	C:\Windows\SYSTEM32\WINMM.dll
0x00007ff8f4b60000 - 0x00007ff8f4b6a000 	C:\Windows\SYSTEM32\VERSION.dll
0x00007ff8ee170000 - 0x00007ff8ee19a000 	C:\Windows\SYSTEM32\WINMMBASE.dll
0x00007ff8fbed0000 - 0x00007ff8fbf19000 	C:\Windows\System32\cfgmgr32.dll
0x00000000609a0000 - 0x00000000609af000 	C:\jdk1.8.0_181\jre\bin\verify.dll
0x0000000060800000 - 0x0000000060829000 	C:\jdk1.8.0_181\jre\bin\java.dll
0x00000000607e0000 - 0x00000000607f6000 	C:\jdk1.8.0_181\jre\bin\zip.dll
0x00007ff8fdaf0000 - 0x00007ff8fef34000 	C:\Windows\System32\SHELL32.dll
0x00007ff8fce70000 - 0x00007ff8fcf19000 	C:\Windows\System32\shcore.dll
0x00007ff8fc700000 - 0x00007ff8fce10000 	C:\Windows\System32\windows.storage.dll
0x00007ff8ff8c0000 - 0x00007ff8ff911000 	C:\Windows\System32\shlwapi.dll
0x00007ff8fbd90000 - 0x00007ff8fbda1000 	C:\Windows\System32\kernel.appcore.dll
0x00007ff8fbd50000 - 0x00007ff8fbd6f000 	C:\Windows\System32\profapi.dll
0x00007ff8fbcf0000 - 0x00007ff8fbd3c000 	C:\Windows\System32\powrprof.dll
0x00007ff8fbd40000 - 0x00007ff8fbd4a000 	C:\Windows\System32\FLTLIB.DLL
0x00000000607c0000 - 0x00000000607da000 	C:\jdk1.8.0_181\jre\bin\net.dll
0x00007ff8fb4c0000 - 0x00007ff8fb526000 	C:\Windows\system32\mswsock.dll
0x00000000607a0000 - 0x00000000607b1000 	C:\jdk1.8.0_181\jre\bin\nio.dll
0x0000000060990000 - 0x000000006099d000 	C:\jdk1.8.0_181\jre\bin\management.dll
0x00007ff8eb1f0000 - 0x00007ff8eb206000 	C:\Windows\system32\napinsp.dll
0x00007ff8eb210000 - 0x00007ff8eb22a000 	C:\Windows\system32\pnrpnsp.dll
0x00007ff8f3780000 - 0x00007ff8f3799000 	C:\Windows\system32\NLAapi.dll
0x00007ff8fb260000 - 0x00007ff8fb31e000 	C:\Windows\SYSTEM32\DNSAPI.dll
0x00007ff8ff680000 - 0x00007ff8ff688000 	C:\Windows\System32\NSI.dll
0x00007ff8fb220000 - 0x00007ff8fb258000 	C:\Windows\SYSTEM32\IPHLPAPI.DLL
0x00007ff8eb230000 - 0x00007ff8eb23e000 	C:\Windows\System32\winrnr.dll
0x00007ff8f4aa0000 - 0x00007ff8f4ab5000 	C:\Windows\System32\wshbth.dll
0x00007ff8f2010000 - 0x00007ff8f201a000 	C:\Windows\System32\rasadhlp.dll
0x00007ff8f9000000 - 0x00007ff8f9072000 	C:\Windows\System32\fwpuclnt.dll
0x00007ff8fb790000 - 0x00007ff8fb7b5000 	C:\Windows\SYSTEM32\bcrypt.dll
0x00007ff8fb6d0000 - 0x00007ff8fb6e7000 	C:\Windows\SYSTEM32\CRYPTSP.dll
0x00007ff8fb080000 - 0x00007ff8fb0b3000 	C:\Windows\system32\rsaenh.dll
0x00007ff8fbbf0000 - 0x00007ff8fbc18000 	C:\Windows\SYSTEM32\USERENV.dll
0x00007ff8fb620000 - 0x00007ff8fb62b000 	C:\Windows\SYSTEM32\CRYPTBASE.dll
0x00007ff8f8d80000 - 0x00007ff8f8d96000 	C:\Windows\SYSTEM32\dhcpcsvc6.DLL
0x00007ff8f8d60000 - 0x00007ff8f8d7a000 	C:\Windows\SYSTEM32\dhcpcsvc.DLL
0x0000000060cb0000 - 0x0000000060cd4000 	C:\jdk1.8.0_181\jre\bin\sunec.dll

VM Arguments:
jvm_args: -Dfile.encoding=UTF-8 
java_command: org.eclipse.jdt.internal.junit.runner.RemoteTestRunner -version 3 -port 64640 -testLoaderClass org.eclipse.jdt.internal.junit4.runner.JUnit4TestLoader -loaderpluginname org.eclipse.jdt.junit4.runtime -classNames com.example.demo.RestClientControllerTest
java_class_path (initial): D:\pfernandez\workspace\git\rnd\demo\target\test-classes;D:\pfernandez\workspace\git\rnd\demo\target\classes;C:\sts-bundle\sts-3.7.2.RELEASE\plugins\org.junit_4.12.0.v201504281640\junit.jar;C:\sts-bundle\sts-3.7.2.RELEASE\plugins\org.hamcrest.core_1.3.0.v201303031735.jar;D:\repository\org\springframework\boot\spring-boot-starter-data-elasticsearch\2.2.0.RELEASE\spring-boot-starter-data-elasticsearch-2.2.0.RELEASE.jar;D:\repository\org\springframework\boot\spring-boot-starter\2.2.0.RELEASE\spring-boot-starter-2.2.0.RELEASE.jar;D:\repository\org\springframework\boot\spring-boot-starter-logging\2.2.0.RELEASE\spring-boot-starter-logging-2.2.0.RELEASE.jar;D:\repository\ch\qos\logback\logback-classic\1.2.3\logback-classic-1.2.3.jar;D:\repository\ch\qos\logback\logback-core\1.2.3\logback-core-1.2.3.jar;D:\repository\org\apache\logging\log4j\log4j-to-slf4j\2.12.1\log4j-to-slf4j-2.12.1.jar;D:\repository\org\apache\logging\log4j\log4j-api\2.12.1\log4j-api-2.12.1.jar;D:\repository\org\slf4j\jul-to-slf4j\1.7.28\jul-to-slf4j-1.7.28.jar;D:\repository\jakarta\annotation\jakarta.annotation-api\1.3.5\jakarta.annotation-api-1.3.5.jar;D:\repository\org\yaml\snakeyaml\1.25\snakeyaml-1.25.jar;D:\repository\org\springframework\data\spring-data-elasticsearch\3.2.0.RELEASE\spring-data-elasticsearch-3.2.0.RELEASE.jar;D:\repository\org\springframework\data\spring-data-commons\2.2.0.RELEASE\spring-data-commons-2.2.0.RELEASE.jar;D:\repository\joda-time\joda-time\2.10.4\joda-time-2.10.4.jar;D:\repository\org\elasticsearch\client\transport\6.8.3\transport-6.8.3.jar;D:\repository\org\elasticsearch\elasticsearch\6.8.3\elasticsearch-6.8.3.jar;D:\repository\org\elasticsearch\elasticsearch-core\6.8.3\elasticsearch-core-6.8.3.jar;D:\repository\org\elasticsearch\elasticsearch-secure-sm\6.8.3\elasticsearch-secure-sm-6.8.3.jar;D:\repository\org\elasticsearch\elasticsearch-x-content\6.8.3\elasticsearch-x-content-6.8.3.jar;D:\repository\com\fasterxml\jackson\dataformat\jackson-
Launcher Type: SUN_STANDARD

Environment Variables:
JAVA_HOME=C:\jdk1.8.0_181
CLASSPATH=.;C:\PROGRA~1\IBM\SQLLIB\java\db2java.zip;C:\PROGRA~1\IBM\SQLLIB\java\db2jcc.jar;C:\PROGRA~1\IBM\SQLLIB\java\sqlj.zip;C:\PROGRA~1\IBM\SQLLIB\java\db2jcc_license_cu.jar;C:\PROGRA~1\IBM\SQLLIB\bin;C:\PROGRA~1\IBM\SQLLIB\java\common.jar
PATH=C:\ProgramData\DockerDesktop\version-bin;C:\Program Files\Docker\Docker\Resources\bin;C:\Program Files (x86)\Common Files\Oracle\Java\javapath;C:\Program Files (x86)\RSA SecurID Token Common;C:\Program Files\RSA SecurID Token Common;C:\Windows\system32;C:\Windows;C:\Windows\System32\Wbem;C:\Windows\System32\WindowsPowerShell\v1.0\;C:\Windows\System32\OpenSSH\;C:\Windows\CCM;C:\Program Files (x86)\Common Files\EMC\;C:\PROGRA~1\IBM\SQLLIB\BIN;C:\PROGRA~1\IBM\SQLLIB\FUNCTION;C:\PROGRA~1\IBM\SQLLIB\SAMPLES\REPL;C:\Program Files (x86)\Microsoft SQL Server\Client SDK\ODBC\110\Tools\Binn\;C:\Program Files (x86)\Microsoft SQL Server\120\Tools\Binn\ManagementStudio\;C:\Program Files (x86)\Microsoft SQL Server\120\Tools\Binn\;C:\Program Files (x86)\Microsoft SQL Server\120\DTS\Binn\;C:\PostgreSQL\pg10\bin;C:\spark-2.4.0-bin-hadoop2.7\bin;C:\git\cmd;C:\maven-3.3.9\bin;C:\Gpg4win\..\GnuPG\bin;C:\Users\pfernandez\Downloads;C:\TortoiseSVN\bin;C:\nodejs;C:\jdk1.8.0_181\bin;C:\redis;C:\Users\pfernandez\AppData\Local\Microsof;C:\ProgramData\chocolatey\bin;C:\Amazon\AWSCLI\bin\;C:\Program Files\Intel\WiFi\bin\;C:\Program Files\Common Files\Intel\WirelessCommon\;"C:\Users\pfernandez\AppData\Local\Microsoft\WindowsApps;";;C:\Users\pfernandez\AppData\Local\Programs\Microsoft VS Code\bin
USERNAME=pfernandez
OS=Windows_NT
PROCESSOR_IDENTIFIER=Intel64 Family 6 Model 78 Stepping 3, GenuineIntel



---------------  S Y S T E M  ---------------

OS: Windows 10.0 , 64 bit Build 17134 (10.0.17134.753)

CPU:total 4 (initial active 4) (2 cores per cpu, 2 threads per core) family 6 model 78 stepping 3, cmov, cx8, fxsr, mmx, sse, sse2, sse3, ssse3, sse4.1, sse4.2, popcnt, avx, avx2, aes, clmul, erms, 3dnowpref, lzcnt, ht, tsc, tscinvbit, bmi1, bmi2, adx

Memory: 4k page, physical 16654928k(1208352k free), swap 47831756k(5440k free)

vm_info: Java HotSpot(TM) 64-Bit Server VM (25.181-b13) for windows-amd64 JRE (1.8.0_181-b13), built on Jul  7 2018 04:01:33 by "java_re" with MS VC++ 10.0 (VS2010)

time: Sun Nov 17 18:41:09 2019
elapsed time: 30 seconds (0d 0h 0m 30s)

