2019-11-21 07:24:47,966 ERROR [main] - System.err - 2019-11-21 07:24:47.963 -
2019-11-21 07:24:47,967 ERROR [main] - System.err - Initializing DBeaver 5.1.3
2019-11-21 07:24:47,967 ERROR [main] - System.err - 2019-11-21 07:24:47.967 -
2019-11-21 07:24:47,968 ERROR [main] - System.err - Host plugin: org.springsource.sts 3.7.2.201511261048-RELEASE
2019-11-21 07:24:47,968 ERROR [main] - System.err - 2019-11-21 07:24:47.968 -
2019-11-21 07:24:47,968 ERROR [main] - System.err - Initialize Core...
2019-11-21 07:24:48,063 ERROR [main] - System.err - 2019-11-21 07:24:48.063 -
2019-11-21 07:24:48,063 ERROR [main] - System.err - Core initialized (95ms)
2019-11-21 07:24:53,445 ERROR [Worker-9] - System.err - log4j:WARN No appenders could be found for logger (org.springsource.ide.eclipse.commons.core.templates.TemplateProcessor).
2019-11-21 07:24:53,447 ERROR [Worker-9] - System.err - log4j:WARN Please initialize the log4j system properly.
2019-11-21 07:25:26,196 ERROR [Framework stop] - System.err - 2019-11-21 07:25:26.195 -
2019-11-21 07:25:26,196 ERROR [Framework stop] - System.err - Shutdown Core...
2019-11-21 07:25:26,925 ERROR [Framework stop] - System.err - 2019-11-21 07:25:26.925 -
2019-11-21 07:25:26,925 ERROR [Framework stop] - System.err - Shutdown completed in 730ms
2019-11-25 10:51:36,832 ERROR [JavaFX Application Thread] - System.err - 2019-11-25 10:51:36.829 -
2019-11-25 10:51:36,834 ERROR [JavaFX Application Thread] - System.err - Initializing DBeaver 5.1.3
2019-11-25 10:51:36,836 ERROR [JavaFX Application Thread] - System.err - 2019-11-25 10:51:36.835 -
2019-11-25 10:51:36,836 ERROR [JavaFX Application Thread] - System.err - Host plugin: org.springsource.sts 3.7.2.201511261048-RELEASE
2019-11-25 10:51:36,836 ERROR [JavaFX Application Thread] - System.err - 2019-11-25 10:51:36.836 -
2019-11-25 10:51:36,836 ERROR [JavaFX Application Thread] - System.err - Initialize Core...
2019-11-25 10:51:37,036 ERROR [JavaFX Application Thread] - System.err - 2019-11-25 10:51:37.036 -
2019-11-25 10:51:37,036 ERROR [JavaFX Application Thread] - System.err - Core initialized (200ms)
2019-11-25 10:51:40,462 ERROR [Worker-4] - System.err - log4j:WARN No appenders could be found for logger (org.springsource.ide.eclipse.commons.core.templates.TemplateProcessor).
2019-11-25 10:51:40,478 ERROR [Worker-4] - System.err - log4j:WARN Please initialize the log4j system properly.
2019-11-25 10:51:49,390 ERROR [Framework stop] - System.err - 2019-11-25 10:51:49.387 -
2019-11-25 10:51:49,390 ERROR [Framework stop] - System.err - Shutdown Core...
2019-11-25 10:51:51,429 ERROR [Framework stop] - System.err - 2019-11-25 10:51:51.429 -
2019-11-25 10:51:51,429 ERROR [Framework stop] - System.err - Shutdown completed in 2041ms
